   0.0028s   c ------------------------------------------------------------
   0.0006s   c fastLEC v1.0
   0.0001s   c Author: Xindi Zhang
   0.0000s   c Email: dezhangxd96@gmail.com
   0.0000s   c ------------------------------------------------------------
   0.0000s   c [parser] input file: ../ins/miter_right/bit15/mul15o15.aig
   0.0000s   c [parser] mode: gpuES
   0.0000s   c [parser] threads: 1
   0.0000s   c [parser] timeout: 3600.00 seconds
   0.0000s   c [parser] verbose: 2
   0.0000s   c ------------------------------------------------------------
   0.0000s   c [Prover] Start to parsing AIGER file: ../ins/miter_right/bit15/mul15o15.aig
   0.0000s   c [AIG] successfully load AIGER file with MILOA: 5968 30 0 1 5938
   0.0000s   c [Prover] read AIGER file in 0.000370 seconds
   0.0000s   c [CEC] Starting CEC check...
   0.0000s   c [gpu] Detected 1 CUDA device(s):
   0.0000s   c [gpu] Device 0: NVIDIA GeForce RTX 4090
   0.0000s   c [gpu] - Compute Cap.: 8.9, Glob. Mem.: 23.64 GB, Multipro. Cnt: 128
   0.0000s   c [gpu] - Max Threads/Block: 1024, Max Grid Size: [2^30, 2^15, 2^15]
   0.0000s   c [gpu] - Shared Mem. /Block: 48.00 KB, Warp Size: 32
   0.0001s   c [gpu] PI_num = 30, PO_lit = 57, mem_sz = 126, n_ops = 2616
   0.0000s   c [gpu] r_bits = 24, r_max = 16777216
   0.0000s   c [gpu] Processing 16777216 rounds in 128 batches of 131072 each
   0.2082s   c [gpu] Progress:   0.00% (0/128 batches)
   0.0668s   c [gpu] Progress:  78.12% (100/128 batches)
   0.0001s   c [gpuES] result = 20 [time = 0.40]
   0.0000s   c [CEC] CEC check completed in 0.400391 seconds
   0.0000s   s Equivalent.
   0.0098s   c Runtime: 0.40082 seconds
             
     Total   0.2893s
