   0.0027s   c ------------------------------------------------------------
   0.0005s   c fastLEC v1.0
   0.0001s   c Author: Xindi Zhang
   0.0000s   c Email: dezhangxd96@gmail.com
   0.0000s   c ------------------------------------------------------------
   0.0000s   c [parser] input file: ../ins/miter_right/bit12/mul12o12.aig
   0.0000s   c [parser] mode: gpuES
   0.0000s   c [parser] threads: 1
   0.0000s   c [parser] timeout: 3600.00 seconds
   0.0000s   c [parser] verbose: 2
   0.0000s   c ------------------------------------------------------------
   0.0000s   c [Prover] Start to parsing AIGER file: ../ins/miter_right/bit12/mul12o12.aig
   0.0000s   c [AIG] successfully load AIGER file with MILOA: 3671 24 0 1 3647
   0.0000s   c [Prover] read AIGER file in 0.000243 seconds
   0.0000s   c [CEC] Starting CEC check...
   0.0000s   c [gpu] Detected 1 CUDA device(s):
   0.0000s   c [gpu] Device 0: NVIDIA GeForce RTX 4090
   0.0000s   c [gpu] - Compute Cap.: 8.9, Glob. Mem.: 23.64 GB, Multipro. Cnt: 128
   0.0000s   c [gpu] - Max Threads/Block: 1024, Max Grid Size: [2^30, 2^15, 2^15]
   0.0000s   c [gpu] - Shared Mem. /Block: 48.00 KB, Warp Size: 32
   0.0000s   c [gpu] PI_num = 24, PO_lit = 37, mem_sz = 99, n_ops = 1628
   0.0000s   c [gpu] r_bits = 18, r_max = 262144
   0.0000s   c [gpu] Processing 262144 rounds in 2 batches of 131072 each
   0.0000s   c [gpu] Progress:   0.00% (0/2 batches)
   0.0000s   c [gpuES] result = 20 [time = 0.08]
   0.0000s   c [CEC] CEC check completed in 0.079442 seconds
   0.0000s   s Equivalent.
   0.0008s   c Runtime: 0.0797258 seconds
             
     Total   0.0050s
