   0.0027s   c ------------------------------------------------------------
   0.0005s   c fastLEC v1.0
   0.0001s   c Author: Xindi Zhang
   0.0000s   c Email: dezhangxd96@gmail.com
   0.0000s   c ------------------------------------------------------------
   0.0000s   c [parser] input file: ../ins/miter_right/bit16/mul16o16.aig
   0.0000s   c [parser] mode: gpuES
   0.0000s   c [parser] threads: 1
   0.0000s   c [parser] timeout: 3600.00 seconds
   0.0000s   c [parser] verbose: 2
   0.0000s   c ------------------------------------------------------------
   0.0000s   c [Prover] Start to parsing AIGER file: ../ins/miter_right/bit16/mul16o16.aig
   0.0000s   c [AIG] successfully load AIGER file with MILOA: 6854 32 0 1 6822
   0.0000s   c [Prover] read AIGER file in 0.000473 seconds
   0.0000s   c [CEC] Starting CEC check...
   0.0000s   c [gpu] Detected 1 CUDA device(s):
   0.0000s   c [gpu] Device 0: NVIDIA GeForce RTX 4090
   0.0000s   c [gpu] - Compute Cap.: 8.9, Glob. Mem.: 23.64 GB, Multipro. Cnt: 128
   0.0000s   c [gpu] - Max Threads/Block: 1024, Max Grid Size: [2^30, 2^15, 2^15]
   0.0000s   c [gpu] - Shared Mem. /Block: 48.00 KB, Warp Size: 32
   0.0000s   c [gpu] PI_num = 32, PO_lit = 82, mem_sz = 143, n_ops = 3005
   0.0000s   c [gpu] r_bits = 26, r_max = 67108864
   0.0000s   c [gpu] Processing 67108864 rounds in 512 batches of 131072 each
   0.3685s   c [gpu] Progress:   0.00% (0/512 batches)
   0.4074s   c [gpu] Progress:  19.53% (100/512 batches)
   0.4074s   c [gpu] Progress:  39.06% (200/512 batches)
   0.4074s   c [gpu] Progress:  58.59% (300/512 batches)
   0.4074s   c [gpu] Progress:  78.12% (400/512 batches)
   0.0450s   c [gpu] Progress:  97.66% (500/512 batches)
   0.0002s   c [gpuES] result = 20 [time = 2.17]
   0.0001s   c [CEC] CEC check completed in 2.168491 seconds
   0.0001s   s Equivalent.
   0.0098s   c Runtime: 2.16902 seconds
             
     Total   2.0577s
