   0.0027s   c ------------------------------------------------------------
   0.0005s   c fastLEC v1.0
   0.0001s   c Author: Xindi Zhang
   0.0000s   c Email: dezhangxd96@gmail.com
   0.0000s   c ------------------------------------------------------------
   0.0000s   c [parser] input file: ../ins/miter_right/bit10/mul10o10.aig
   0.0000s   c [parser] mode: gpuES
   0.0000s   c [parser] threads: 1
   0.0000s   c [parser] timeout: 3600.00 seconds
   0.0001s   c [parser] verbose: 2
   0.0000s   c ------------------------------------------------------------
   0.0000s   c [Prover] Start to parsing AIGER file: ../ins/miter_right/bit10/mul10o10.aig
   0.0000s   c [AIG] successfully load AIGER file with MILOA: 2450 20 0 1 2430
   0.0000s   c [Prover] read AIGER file in 0.000179 seconds
   0.0000s   c [CEC] Starting CEC check...
   0.0000s   c [gpu] Detected 1 CUDA device(s):
   0.0000s   c [gpu] Device 0: NVIDIA GeForce RTX 4090
   0.0000s   c [gpu] - Compute Cap.: 8.9, Glob. Mem.: 23.64 GB, Multipro. Cnt: 128
   0.0000s   c [gpu] - Max Threads/Block: 1024, Max Grid Size: [2^30, 2^15, 2^15]
   0.0000s   c [gpu] - Shared Mem. /Block: 48.00 KB, Warp Size: 32
   0.0000s   c [gpu] PI_num = 20, PO_lit = 54, mem_sz = 78, n_ops = 1093
   0.0000s   c [gpu] r_bits = 14, r_max = 16384
   0.0000s   c [gpu] Processing 16384 rounds in 1 batches of 262144 each
   0.0000s   c [gpu] Progress:   0.00% (0/1 batches)
   0.0000s   c [gpuES] result = 20 [time = 0.08]
   0.0000s   c [CEC] CEC check completed in 0.076204 seconds
   0.0000s   s Equivalent.
   0.0008s   c Runtime: 0.0764219 seconds
             
     Total   0.0050s
