   0.0026s   c ------------------------------------------------------------
   0.0006s   c fastLEC v1.0
   0.0001s   c Author: Xindi Zhang
   0.0000s   c Email: dezhangxd96@gmail.com
   0.0000s   c ------------------------------------------------------------
   0.0000s   c [parser] input file: ../ins/miter_right/bit20/mul20o20.aig
   0.0000s   c [parser] mode: gpuES
   0.0000s   c [parser] threads: 1
   0.0000s   c [parser] timeout: 3600.00 seconds
   0.0000s   c [parser] verbose: 2
   0.0000s   c ------------------------------------------------------------
   0.0000s   c [Prover] Start to parsing AIGER file: ../ins/miter_right/bit20/mul20o20.aig
   0.0000s   c [AIG] successfully load AIGER file with MILOA: 11016 40 0 1 10976
   0.0000s   c [Prover] read AIGER file in 0.000686 seconds
   0.0000s   c [CEC] Starting CEC check...
   0.0000s   c [gpu] Detected 1 CUDA device(s):
   0.0000s   c [gpu] Device 0: NVIDIA GeForce RTX 4090
   0.0000s   c [gpu] - Compute Cap.: 8.9, Glob. Mem.: 23.64 GB, Multipro. Cnt: 128
   0.0000s   c [gpu] - Max Threads/Block: 1024, Max Grid Size: [2^30, 2^15, 2^15]
   0.0000s   c [gpu] - Shared Mem. /Block: 48.00 KB, Warp Size: 32
   0.0000s   c [gpu] PI_num = 40, PO_lit = 150, mem_sz = 183, n_ops = 4802
   0.0000s   c [gpu] r_bits = 34, r_max = 17179869184
   0.0000s   c [gpu] Processing 17179869184 rounds in 131072 batches of 131072 each
   0.7066s   c [gpu] Progress:   0.00% (0/131072 batches)
   0.7497s   c [gpu] Progress:   0.08% (100/131072 batches)
   0.7509s   c [gpu] Progress:   0.15% (200/131072 batches)
   0.7498s   c [gpu] Progress:   0.23% (300/131072 batches)
   0.7496s   c [gpu] Progress:   0.31% (400/131072 batches)
   0.7497s   c [gpu] Progress:   0.38% (500/131072 batches)
   0.7502s   c [gpu] Progress:   0.46% (600/131072 batches)
   0.7502s   c [gpu] Progress:   0.53% (700/131072 batches)
   0.7502s   c [gpu] Progress:   0.61% (800/131072 batches)
   0.7502s   c [gpu] Progress:   0.69% (900/131072 batches)
   0.7507s   c [gpu] Progress:   0.76% (1000/131072 batches)
   0.7499s   c [gpu] Progress:   0.84% (1100/131072 batches)
   0.7501s   c [gpu] Progress:   0.92% (1200/131072 batches)
   0.7500s   c [gpu] Progress:   0.99% (1300/131072 batches)
   0.7505s   c [gpu] Progress:   1.07% (1400/131072 batches)
   0.7504s   c [gpu] Progress:   1.14% (1500/131072 batches)
   0.7505s   c [gpu] Progress:   1.22% (1600/131072 batches)
   0.7502s   c [gpu] Progress:   1.30% (1700/131072 batches)
   0.7507s   c [gpu] Progress:   1.37% (1800/131072 batches)
   0.7508s   c [gpu] Progress:   1.45% (1900/131072 batches)
   0.7498s   c [gpu] Progress:   1.53% (2000/131072 batches)
   0.7504s   c [gpu] Progress:   1.60% (2100/131072 batches)
   0.7506s   c [gpu] Progress:   1.68% (2200/131072 batches)
   0.7505s   c [gpu] Progress:   1.75% (2300/131072 batches)
   0.7503s   c [gpu] Progress:   1.83% (2400/131072 batches)
   0.7495s   c [gpu] Progress:   1.91% (2500/131072 batches)
   0.7503s   c [gpu] Progress:   1.98% (2600/131072 batches)
   0.7506s   c [gpu] Progress:   2.06% (2700/131072 batches)
   0.7506s   c [gpu] Progress:   2.14% (2800/131072 batches)
   0.7509s   c [gpu] Progress:   2.21% (2900/131072 batches)
   0.7499s   c [gpu] Progress:   2.29% (3000/131072 batches)
   0.7502s   c [gpu] Progress:   2.37% (3100/131072 batches)
   0.7503s   c [gpu] Progress:   2.44% (3200/131072 batches)
   0.7502s   c [gpu] Progress:   2.52% (3300/131072 batches)
   0.7505s   c [gpu] Progress:   2.59% (3400/131072 batches)
   0.7505s   c [gpu] Progress:   2.67% (3500/131072 batches)
   0.7500s   c [gpu] Progress:   2.75% (3600/131072 batches)
   0.7510s   c [gpu] Progress:   2.82% (3700/131072 batches)
   0.7517s   c [gpu] Progress:   2.90% (3800/131072 batches)
   0.7496s   c [gpu] Progress:   2.98% (3900/131072 batches)
   0.7566s   c [gpu] Progress:   3.05% (4000/131072 batches)
   0.7525s   c [gpu] Progress:   3.13% (4100/131072 batches)
   0.7503s   c [gpu] Progress:   3.20% (4200/131072 batches)
   0.7508s   c [gpu] Progress:   3.28% (4300/131072 batches)
   0.7505s   c [gpu] Progress:   3.36% (4400/131072 batches)
   0.7502s   c [gpu] Progress:   3.43% (4500/131072 batches)
   0.7500s   c [gpu] Progress:   3.51% (4600/131072 batches)
   0.7500s   c [gpu] Progress:   3.59% (4700/131072 batches)
   0.7500s   c [gpu] Progress:   3.66% (4800/131072 batches)
   0.7501s   c [gpu] Progress:   3.74% (4900/131072 batches)
   0.7500s   c [gpu] Progress:   3.81% (5000/131072 batches)
   0.7500s   c [gpu] Progress:   3.89% (5100/131072 batches)
   0.7546s   c [gpu] Progress:   3.97% (5200/131072 batches)
   0.7501s   c [gpu] Progress:   4.04% (5300/131072 batches)
   0.7500s   c [gpu] Progress:   4.12% (5400/131072 batches)
   0.7499s   c [gpu] Progress:   4.20% (5500/131072 batches)
   0.7501s   c [gpu] Progress:   4.27% (5600/131072 batches)
   0.7500s   c [gpu] Progress:   4.35% (5700/131072 batches)
   0.7501s   c [gpu] Progress:   4.43% (5800/131072 batches)
   0.7500s   c [gpu] Progress:   4.50% (5900/131072 batches)
   0.7504s   c [gpu] Progress:   4.58% (6000/131072 batches)
   0.7505s   c [gpu] Progress:   4.65% (6100/131072 batches)
   0.7504s   c [gpu] Progress:   4.73% (6200/131072 batches)
   0.7611s   c [gpu] Progress:   4.81% (6300/131072 batches)
   0.7500s   c [gpu] Progress:   4.88% (6400/131072 batches)
   0.7500s   c [gpu] Progress:   4.96% (6500/131072 batches)
   0.7500s   c [gpu] Progress:   5.04% (6600/131072 batches)
   0.7500s   c [gpu] Progress:   5.11% (6700/131072 batches)
   0.7501s   c [gpu] Progress:   5.19% (6800/131072 batches)
   0.7510s   c [gpu] Progress:   5.26% (6900/131072 batches)
   0.7498s   c [gpu] Progress:   5.34% (7000/131072 batches)
   0.7548s   c [gpu] Progress:   5.42% (7100/131072 batches)
   0.7506s   c [gpu] Progress:   5.49% (7200/131072 batches)
   0.7501s   c [gpu] Progress:   5.57% (7300/131072 batches)
   0.7502s   c [gpu] Progress:   5.65% (7400/131072 batches)
   0.7499s   c [gpu] Progress:   5.72% (7500/131072 batches)
   0.7504s   c [gpu] Progress:   5.80% (7600/131072 batches)
   0.7495s   c [gpu] Progress:   5.87% (7700/131072 batches)
   0.7505s   c [gpu] Progress:   5.95% (7800/131072 batches)
   0.7498s   c [gpu] Progress:   6.03% (7900/131072 batches)
   0.7508s   c [gpu] Progress:   6.10% (8000/131072 batches)
   0.7500s   c [gpu] Progress:   6.18% (8100/131072 batches)
   0.7504s   c [gpu] Progress:   6.26% (8200/131072 batches)
   0.7503s   c [gpu] Progress:   6.33% (8300/131072 batches)
   0.7511s   c [gpu] Progress:   6.41% (8400/131072 batches)
   0.7496s   c [gpu] Progress:   6.48% (8500/131072 batches)
   0.7494s   c [gpu] Progress:   6.56% (8600/131072 batches)
   0.7504s   c [gpu] Progress:   6.64% (8700/131072 batches)
   0.7498s   c [gpu] Progress:   6.71% (8800/131072 batches)
   0.7499s   c [gpu] Progress:   6.79% (8900/131072 batches)
   0.7508s   c [gpu] Progress:   6.87% (9000/131072 batches)
   0.7500s   c [gpu] Progress:   6.94% (9100/131072 batches)
   0.7499s   c [gpu] Progress:   7.02% (9200/131072 batches)
   0.7499s   c [gpu] Progress:   7.10% (9300/131072 batches)
   0.7495s   c [gpu] Progress:   7.17% (9400/131072 batches)
   0.7502s   c [gpu] Progress:   7.25% (9500/131072 batches)
   0.7509s   c [gpu] Progress:   7.32% (9600/131072 batches)
   0.7508s   c [gpu] Progress:   7.40% (9700/131072 batches)
   0.7509s   c [gpu] Progress:   7.48% (9800/131072 batches)
   0.7508s   c [gpu] Progress:   7.55% (9900/131072 batches)
   0.7506s   c [gpu] Progress:   7.63% (10000/131072 batches)
   0.7502s   c [gpu] Progress:   7.71% (10100/131072 batches)
   0.7513s   c [gpu] Progress:   7.78% (10200/131072 batches)
   0.7503s   c [gpu] Progress:   7.86% (10300/131072 batches)
   0.7500s   c [gpu] Progress:   7.93% (10400/131072 batches)
   0.7501s   c [gpu] Progress:   8.01% (10500/131072 batches)
   0.7565s   c [gpu] Progress:   8.09% (10600/131072 batches)
   0.7500s   c [gpu] Progress:   8.16% (10700/131072 batches)
   0.7503s   c [gpu] Progress:   8.24% (10800/131072 batches)
   0.7506s   c [gpu] Progress:   8.32% (10900/131072 batches)
   0.7550s   c [gpu] Progress:   8.39% (11000/131072 batches)
   0.7499s   c [gpu] Progress:   8.47% (11100/131072 batches)
   0.7526s   c [gpu] Progress:   8.54% (11200/131072 batches)
   0.7499s   c [gpu] Progress:   8.62% (11300/131072 batches)
   0.7541s   c [gpu] Progress:   8.70% (11400/131072 batches)
   0.7508s   c [gpu] Progress:   8.77% (11500/131072 batches)
   0.7496s   c [gpu] Progress:   8.85% (11600/131072 batches)
   0.7499s   c [gpu] Progress:   8.93% (11700/131072 batches)
   0.7497s   c [gpu] Progress:   9.00% (11800/131072 batches)
   0.7504s   c [gpu] Progress:   9.08% (11900/131072 batches)
   0.7499s   c [gpu] Progress:   9.16% (12000/131072 batches)
   0.7503s   c [gpu] Progress:   9.23% (12100/131072 batches)
   0.7499s   c [gpu] Progress:   9.31% (12200/131072 batches)
   0.7501s   c [gpu] Progress:   9.38% (12300/131072 batches)
   0.7499s   c [gpu] Progress:   9.46% (12400/131072 batches)
   0.7507s   c [gpu] Progress:   9.54% (12500/131072 batches)
   0.7521s   c [gpu] Progress:   9.61% (12600/131072 batches)
   0.7502s   c [gpu] Progress:   9.69% (12700/131072 batches)
   0.7506s   c [gpu] Progress:   9.77% (12800/131072 batches)
   0.7518s   c [gpu] Progress:   9.84% (12900/131072 batches)
   0.7505s   c [gpu] Progress:   9.92% (13000/131072 batches)
   0.7504s   c [gpu] Progress:   9.99% (13100/131072 batches)
   0.7501s   c [gpu] Progress:  10.07% (13200/131072 batches)
   0.7502s   c [gpu] Progress:  10.15% (13300/131072 batches)
   0.7500s   c [gpu] Progress:  10.22% (13400/131072 batches)
   0.7503s   c [gpu] Progress:  10.30% (13500/131072 batches)
   0.7500s   c [gpu] Progress:  10.38% (13600/131072 batches)
   0.7547s   c [gpu] Progress:  10.45% (13700/131072 batches)
   0.7521s   c [gpu] Progress:  10.53% (13800/131072 batches)
   0.7499s   c [gpu] Progress:  10.60% (13900/131072 batches)
   0.7499s   c [gpu] Progress:  10.68% (14000/131072 batches)
   0.7500s   c [gpu] Progress:  10.76% (14100/131072 batches)
   0.7503s   c [gpu] Progress:  10.83% (14200/131072 batches)
   0.7569s   c [gpu] Progress:  10.91% (14300/131072 batches)
   0.7552s   c [gpu] Progress:  10.99% (14400/131072 batches)
   0.7506s   c [gpu] Progress:  11.06% (14500/131072 batches)
   0.7503s   c [gpu] Progress:  11.14% (14600/131072 batches)
   0.7534s   c [gpu] Progress:  11.22% (14700/131072 batches)
   0.7525s   c [gpu] Progress:  11.29% (14800/131072 batches)
   0.7537s   c [gpu] Progress:  11.37% (14900/131072 batches)
   0.7498s   c [gpu] Progress:  11.44% (15000/131072 batches)
   0.7499s   c [gpu] Progress:  11.52% (15100/131072 batches)
   0.7583s   c [gpu] Progress:  11.60% (15200/131072 batches)
   0.7495s   c [gpu] Progress:  11.67% (15300/131072 batches)
   0.7525s   c [gpu] Progress:  11.75% (15400/131072 batches)
   0.7569s   c [gpu] Progress:  11.83% (15500/131072 batches)
   0.7504s   c [gpu] Progress:  11.90% (15600/131072 batches)
   0.7569s   c [gpu] Progress:  11.98% (15700/131072 batches)
   0.7499s   c [gpu] Progress:  12.05% (15800/131072 batches)
   0.7495s   c [gpu] Progress:  12.13% (15900/131072 batches)
   0.7496s   c [gpu] Progress:  12.21% (16000/131072 batches)
   0.7507s   c [gpu] Progress:  12.28% (16100/131072 batches)
   0.7506s   c [gpu] Progress:  12.36% (16200/131072 batches)
   0.7499s   c [gpu] Progress:  12.44% (16300/131072 batches)
   0.7498s   c [gpu] Progress:  12.51% (16400/131072 batches)
   0.7497s   c [gpu] Progress:  12.59% (16500/131072 batches)
   0.7508s   c [gpu] Progress:  12.66% (16600/131072 batches)
   0.7500s   c [gpu] Progress:  12.74% (16700/131072 batches)
   0.7501s   c [gpu] Progress:  12.82% (16800/131072 batches)
   0.7504s   c [gpu] Progress:  12.89% (16900/131072 batches)
   0.7503s   c [gpu] Progress:  12.97% (17000/131072 batches)
   0.7592s   c [gpu] Progress:  13.05% (17100/131072 batches)
   0.7530s   c [gpu] Progress:  13.12% (17200/131072 batches)
   0.7525s   c [gpu] Progress:  13.20% (17300/131072 batches)
   0.7529s   c [gpu] Progress:  13.28% (17400/131072 batches)
   0.7530s   c [gpu] Progress:  13.35% (17500/131072 batches)
   0.7551s   c [gpu] Progress:  13.43% (17600/131072 batches)
   0.7568s   c [gpu] Progress:  13.50% (17700/131072 batches)
   0.7497s   c [gpu] Progress:  13.58% (17800/131072 batches)
   0.7501s   c [gpu] Progress:  13.66% (17900/131072 batches)
   0.7504s   c [gpu] Progress:  13.73% (18000/131072 batches)
   0.7501s   c [gpu] Progress:  13.81% (18100/131072 batches)
   0.7496s   c [gpu] Progress:  13.89% (18200/131072 batches)
   0.7545s   c [gpu] Progress:  13.96% (18300/131072 batches)
   0.7528s   c [gpu] Progress:  14.04% (18400/131072 batches)
   0.7552s   c [gpu] Progress:  14.11% (18500/131072 batches)
   0.7536s   c [gpu] Progress:  14.19% (18600/131072 batches)
   0.7492s   c [gpu] Progress:  14.27% (18700/131072 batches)
   0.7507s   c [gpu] Progress:  14.34% (18800/131072 batches)
   0.7503s   c [gpu] Progress:  14.42% (18900/131072 batches)
   0.7497s   c [gpu] Progress:  14.50% (19000/131072 batches)
   0.7504s   c [gpu] Progress:  14.57% (19100/131072 batches)
   0.7509s   c [gpu] Progress:  14.65% (19200/131072 batches)
   0.7509s   c [gpu] Progress:  14.72% (19300/131072 batches)
   0.7505s   c [gpu] Progress:  14.80% (19400/131072 batches)
   0.7501s   c [gpu] Progress:  14.88% (19500/131072 batches)
   0.7500s   c [gpu] Progress:  14.95% (19600/131072 batches)
   0.7548s   c [gpu] Progress:  15.03% (19700/131072 batches)
   0.7505s   c [gpu] Progress:  15.11% (19800/131072 batches)
   0.7500s   c [gpu] Progress:  15.18% (19900/131072 batches)
   0.7506s   c [gpu] Progress:  15.26% (20000/131072 batches)
   0.7496s   c [gpu] Progress:  15.34% (20100/131072 batches)
   0.7503s   c [gpu] Progress:  15.41% (20200/131072 batches)
   0.7501s   c [gpu] Progress:  15.49% (20300/131072 batches)
   0.7502s   c [gpu] Progress:  15.56% (20400/131072 batches)
   0.7502s   c [gpu] Progress:  15.64% (20500/131072 batches)
   0.7501s   c [gpu] Progress:  15.72% (20600/131072 batches)
   0.7507s   c [gpu] Progress:  15.79% (20700/131072 batches)
   0.7499s   c [gpu] Progress:  15.87% (20800/131072 batches)
   0.7558s   c [gpu] Progress:  15.95% (20900/131072 batches)
   0.7503s   c [gpu] Progress:  16.02% (21000/131072 batches)
   0.7504s   c [gpu] Progress:  16.10% (21100/131072 batches)
   0.7502s   c [gpu] Progress:  16.17% (21200/131072 batches)
   0.7502s   c [gpu] Progress:  16.25% (21300/131072 batches)
   0.7522s   c [gpu] Progress:  16.33% (21400/131072 batches)
   0.7512s   c [gpu] Progress:  16.40% (21500/131072 batches)
   0.7517s   c [gpu] Progress:  16.48% (21600/131072 batches)
   0.7520s   c [gpu] Progress:  16.56% (21700/131072 batches)
   0.7521s   c [gpu] Progress:  16.63% (21800/131072 batches)
   0.7528s   c [gpu] Progress:  16.71% (21900/131072 batches)
   0.7501s   c [gpu] Progress:  16.78% (22000/131072 batches)
   0.7501s   c [gpu] Progress:  16.86% (22100/131072 batches)
   0.7502s   c [gpu] Progress:  16.94% (22200/131072 batches)
   0.7501s   c [gpu] Progress:  17.01% (22300/131072 batches)
   0.7502s   c [gpu] Progress:  17.09% (22400/131072 batches)
   0.7499s   c [gpu] Progress:  17.17% (22500/131072 batches)
   0.7521s   c [gpu] Progress:  17.24% (22600/131072 batches)
   0.7576s   c [gpu] Progress:  17.32% (22700/131072 batches)
   0.7511s   c [gpu] Progress:  17.40% (22800/131072 batches)
   0.7502s   c [gpu] Progress:  17.47% (22900/131072 batches)
   0.7501s   c [gpu] Progress:  17.55% (23000/131072 batches)
   0.7522s   c [gpu] Progress:  17.62% (23100/131072 batches)
   0.7503s   c [gpu] Progress:  17.70% (23200/131072 batches)
   0.7505s   c [gpu] Progress:  17.78% (23300/131072 batches)
   0.7501s   c [gpu] Progress:  17.85% (23400/131072 batches)
   0.7502s   c [gpu] Progress:  17.93% (23500/131072 batches)
   0.7502s   c [gpu] Progress:  18.01% (23600/131072 batches)
   0.7502s   c [gpu] Progress:  18.08% (23700/131072 batches)
   0.7496s   c [gpu] Progress:  18.16% (23800/131072 batches)
   0.7509s   c [gpu] Progress:  18.23% (23900/131072 batches)
   0.7510s   c [gpu] Progress:  18.31% (24000/131072 batches)
   0.7494s   c [gpu] Progress:  18.39% (24100/131072 batches)
   0.7496s   c [gpu] Progress:  18.46% (24200/131072 batches)
   0.7501s   c [gpu] Progress:  18.54% (24300/131072 batches)
   0.7512s   c [gpu] Progress:  18.62% (24400/131072 batches)
   0.7502s   c [gpu] Progress:  18.69% (24500/131072 batches)
   0.7504s   c [gpu] Progress:  18.77% (24600/131072 batches)
   0.7508s   c [gpu] Progress:  18.84% (24700/131072 batches)
   0.7502s   c [gpu] Progress:  18.92% (24800/131072 batches)
   0.7502s   c [gpu] Progress:  19.00% (24900/131072 batches)
   0.7507s   c [gpu] Progress:  19.07% (25000/131072 batches)
   0.7504s   c [gpu] Progress:  19.15% (25100/131072 batches)
   0.7503s   c [gpu] Progress:  19.23% (25200/131072 batches)
   0.7505s   c [gpu] Progress:  19.30% (25300/131072 batches)
   0.7501s   c [gpu] Progress:  19.38% (25400/131072 batches)
   0.7504s   c [gpu] Progress:  19.45% (25500/131072 batches)
   0.7502s   c [gpu] Progress:  19.53% (25600/131072 batches)
   0.7497s   c [gpu] Progress:  19.61% (25700/131072 batches)
   0.7499s   c [gpu] Progress:  19.68% (25800/131072 batches)
   0.7575s   c [gpu] Progress:  19.76% (25900/131072 batches)
   0.7498s   c [gpu] Progress:  19.84% (26000/131072 batches)
   0.7497s   c [gpu] Progress:  19.91% (26100/131072 batches)
   0.7502s   c [gpu] Progress:  19.99% (26200/131072 batches)
   0.7499s   c [gpu] Progress:  20.07% (26300/131072 batches)
   0.7499s   c [gpu] Progress:  20.14% (26400/131072 batches)
   0.7506s   c [gpu] Progress:  20.22% (26500/131072 batches)
   0.7510s   c [gpu] Progress:  20.29% (26600/131072 batches)
   0.7527s   c [gpu] Progress:  20.37% (26700/131072 batches)
   0.7511s   c [gpu] Progress:  20.45% (26800/131072 batches)
   0.7556s   c [gpu] Progress:  20.52% (26900/131072 batches)
   0.7509s   c [gpu] Progress:  20.60% (27000/131072 batches)
   0.7496s   c [gpu] Progress:  20.68% (27100/131072 batches)
   0.7506s   c [gpu] Progress:  20.75% (27200/131072 batches)
   0.7501s   c [gpu] Progress:  20.83% (27300/131072 batches)
   0.7499s   c [gpu] Progress:  20.90% (27400/131072 batches)
   0.7503s   c [gpu] Progress:  20.98% (27500/131072 batches)
   0.7506s   c [gpu] Progress:  21.06% (27600/131072 batches)
   0.7541s   c [gpu] Progress:  21.13% (27700/131072 batches)
   0.7499s   c [gpu] Progress:  21.21% (27800/131072 batches)
   0.7506s   c [gpu] Progress:  21.29% (27900/131072 batches)
   0.7502s   c [gpu] Progress:  21.36% (28000/131072 batches)
   0.7502s   c [gpu] Progress:  21.44% (28100/131072 batches)
   0.7502s   c [gpu] Progress:  21.51% (28200/131072 batches)
   0.7506s   c [gpu] Progress:  21.59% (28300/131072 batches)
   0.7498s   c [gpu] Progress:  21.67% (28400/131072 batches)
   0.7499s   c [gpu] Progress:  21.74% (28500/131072 batches)
   0.7507s   c [gpu] Progress:  21.82% (28600/131072 batches)
   0.7515s   c [gpu] Progress:  21.90% (28700/131072 batches)
   0.7500s   c [gpu] Progress:  21.97% (28800/131072 batches)
   0.7505s   c [gpu] Progress:  22.05% (28900/131072 batches)
   0.7502s   c [gpu] Progress:  22.13% (29000/131072 batches)
   0.7537s   c [gpu] Progress:  22.20% (29100/131072 batches)
   0.7500s   c [gpu] Progress:  22.28% (29200/131072 batches)
   0.7500s   c [gpu] Progress:  22.35% (29300/131072 batches)
   0.7500s   c [gpu] Progress:  22.43% (29400/131072 batches)
   0.7500s   c [gpu] Progress:  22.51% (29500/131072 batches)
   0.7505s   c [gpu] Progress:  22.58% (29600/131072 batches)
   0.7506s   c [gpu] Progress:  22.66% (29700/131072 batches)
   0.7505s   c [gpu] Progress:  22.74% (29800/131072 batches)
   0.7500s   c [gpu] Progress:  22.81% (29900/131072 batches)
   0.7493s   c [gpu] Progress:  22.89% (30000/131072 batches)
   0.7503s   c [gpu] Progress:  22.96% (30100/131072 batches)
   0.7497s   c [gpu] Progress:  23.04% (30200/131072 batches)
   0.7497s   c [gpu] Progress:  23.12% (30300/131072 batches)
   0.7499s   c [gpu] Progress:  23.19% (30400/131072 batches)
   0.7505s   c [gpu] Progress:  23.27% (30500/131072 batches)
   0.7509s   c [gpu] Progress:  23.35% (30600/131072 batches)
   0.7507s   c [gpu] Progress:  23.42% (30700/131072 batches)
   0.7501s   c [gpu] Progress:  23.50% (30800/131072 batches)
   0.7505s   c [gpu] Progress:  23.57% (30900/131072 batches)
   0.7501s   c [gpu] Progress:  23.65% (31000/131072 batches)
   0.7496s   c [gpu] Progress:  23.73% (31100/131072 batches)
   0.7506s   c [gpu] Progress:  23.80% (31200/131072 batches)
   0.7502s   c [gpu] Progress:  23.88% (31300/131072 batches)
   0.7505s   c [gpu] Progress:  23.96% (31400/131072 batches)
   0.7505s   c [gpu] Progress:  24.03% (31500/131072 batches)
   0.7507s   c [gpu] Progress:  24.11% (31600/131072 batches)
   0.7503s   c [gpu] Progress:  24.19% (31700/131072 batches)
   0.7501s   c [gpu] Progress:  24.26% (31800/131072 batches)
   0.7567s   c [gpu] Progress:  24.34% (31900/131072 batches)
   0.7502s   c [gpu] Progress:  24.41% (32000/131072 batches)
   0.7498s   c [gpu] Progress:  24.49% (32100/131072 batches)
   0.7503s   c [gpu] Progress:  24.57% (32200/131072 batches)
   0.7509s   c [gpu] Progress:  24.64% (32300/131072 batches)
   0.7500s   c [gpu] Progress:  24.72% (32400/131072 batches)
   0.7495s   c [gpu] Progress:  24.80% (32500/131072 batches)
   0.7505s   c [gpu] Progress:  24.87% (32600/131072 batches)
   0.7502s   c [gpu] Progress:  24.95% (32700/131072 batches)
   0.7500s   c [gpu] Progress:  25.02% (32800/131072 batches)
   0.7507s   c [gpu] Progress:  25.10% (32900/131072 batches)
   0.7513s   c [gpu] Progress:  25.18% (33000/131072 batches)
   0.7533s   c [gpu] Progress:  25.25% (33100/131072 batches)
   0.7500s   c [gpu] Progress:  25.33% (33200/131072 batches)
   0.7497s   c [gpu] Progress:  25.41% (33300/131072 batches)
   0.7499s   c [gpu] Progress:  25.48% (33400/131072 batches)
   0.7557s   c [gpu] Progress:  25.56% (33500/131072 batches)
   0.7499s   c [gpu] Progress:  25.63% (33600/131072 batches)
   0.7498s   c [gpu] Progress:  25.71% (33700/131072 batches)
   0.7501s   c [gpu] Progress:  25.79% (33800/131072 batches)
   0.7498s   c [gpu] Progress:  25.86% (33900/131072 batches)
   0.7499s   c [gpu] Progress:  25.94% (34000/131072 batches)
   0.7502s   c [gpu] Progress:  26.02% (34100/131072 batches)
   0.7500s   c [gpu] Progress:  26.09% (34200/131072 batches)
   0.7502s   c [gpu] Progress:  26.17% (34300/131072 batches)
   0.7505s   c [gpu] Progress:  26.25% (34400/131072 batches)
   0.7499s   c [gpu] Progress:  26.32% (34500/131072 batches)
   0.7500s   c [gpu] Progress:  26.40% (34600/131072 batches)
   0.7498s   c [gpu] Progress:  26.47% (34700/131072 batches)
   0.7500s   c [gpu] Progress:  26.55% (34800/131072 batches)
   0.7516s   c [gpu] Progress:  26.63% (34900/131072 batches)
   0.7503s   c [gpu] Progress:  26.70% (35000/131072 batches)
   0.7505s   c [gpu] Progress:  26.78% (35100/131072 batches)
   0.7504s   c [gpu] Progress:  26.86% (35200/131072 batches)
   0.7506s   c [gpu] Progress:  26.93% (35300/131072 batches)
   0.7505s   c [gpu] Progress:  27.01% (35400/131072 batches)
   0.7506s   c [gpu] Progress:  27.08% (35500/131072 batches)
   0.7502s   c [gpu] Progress:  27.16% (35600/131072 batches)
   0.7498s   c [gpu] Progress:  27.24% (35700/131072 batches)
   0.7500s   c [gpu] Progress:  27.31% (35800/131072 batches)
   0.7500s   c [gpu] Progress:  27.39% (35900/131072 batches)
   0.7503s   c [gpu] Progress:  27.47% (36000/131072 batches)
   0.7522s   c [gpu] Progress:  27.54% (36100/131072 batches)
   0.7514s   c [gpu] Progress:  27.62% (36200/131072 batches)
   0.7505s   c [gpu] Progress:  27.69% (36300/131072 batches)
   0.7506s   c [gpu] Progress:  27.77% (36400/131072 batches)
   0.7504s   c [gpu] Progress:  27.85% (36500/131072 batches)
   0.7509s   c [gpu] Progress:  27.92% (36600/131072 batches)
   0.7502s   c [gpu] Progress:  28.00% (36700/131072 batches)
   0.7504s   c [gpu] Progress:  28.08% (36800/131072 batches)
   0.7499s   c [gpu] Progress:  28.15% (36900/131072 batches)
   0.7500s   c [gpu] Progress:  28.23% (37000/131072 batches)
   0.7500s   c [gpu] Progress:  28.31% (37100/131072 batches)
   0.7505s   c [gpu] Progress:  28.38% (37200/131072 batches)
   0.7505s   c [gpu] Progress:  28.46% (37300/131072 batches)
   0.7506s   c [gpu] Progress:  28.53% (37400/131072 batches)
   0.7495s   c [gpu] Progress:  28.61% (37500/131072 batches)
   0.7501s   c [gpu] Progress:  28.69% (37600/131072 batches)
   0.7500s   c [gpu] Progress:  28.76% (37700/131072 batches)
   0.7506s   c [gpu] Progress:  28.84% (37800/131072 batches)
   0.7506s   c [gpu] Progress:  28.92% (37900/131072 batches)
   0.7507s   c [gpu] Progress:  28.99% (38000/131072 batches)
   0.7506s   c [gpu] Progress:  29.07% (38100/131072 batches)
   0.7500s   c [gpu] Progress:  29.14% (38200/131072 batches)
   0.7495s   c [gpu] Progress:  29.22% (38300/131072 batches)
   0.7533s   c [gpu] Progress:  29.30% (38400/131072 batches)
   0.7499s   c [gpu] Progress:  29.37% (38500/131072 batches)
   0.7502s   c [gpu] Progress:  29.45% (38600/131072 batches)
   0.7501s   c [gpu] Progress:  29.53% (38700/131072 batches)
   0.7500s   c [gpu] Progress:  29.60% (38800/131072 batches)
   0.7502s   c [gpu] Progress:  29.68% (38900/131072 batches)
   0.7504s   c [gpu] Progress:  29.75% (39000/131072 batches)
   0.7504s   c [gpu] Progress:  29.83% (39100/131072 batches)
   0.7510s   c [gpu] Progress:  29.91% (39200/131072 batches)
   0.7501s   c [gpu] Progress:  29.98% (39300/131072 batches)
   0.7509s   c [gpu] Progress:  30.06% (39400/131072 batches)
   0.7510s   c [gpu] Progress:  30.14% (39500/131072 batches)
   0.7547s   c [gpu] Progress:  30.21% (39600/131072 batches)
   0.7506s   c [gpu] Progress:  30.29% (39700/131072 batches)
   0.7499s   c [gpu] Progress:  30.36% (39800/131072 batches)
   0.7501s   c [gpu] Progress:  30.44% (39900/131072 batches)
   0.7504s   c [gpu] Progress:  30.52% (40000/131072 batches)
   0.7501s   c [gpu] Progress:  30.59% (40100/131072 batches)
   0.7509s   c [gpu] Progress:  30.67% (40200/131072 batches)
   0.7543s   c [gpu] Progress:  30.75% (40300/131072 batches)
   0.7503s   c [gpu] Progress:  30.82% (40400/131072 batches)
   0.7501s   c [gpu] Progress:  30.90% (40500/131072 batches)
   0.7495s   c [gpu] Progress:  30.98% (40600/131072 batches)
   0.7503s   c [gpu] Progress:  31.05% (40700/131072 batches)
   0.7507s   c [gpu] Progress:  31.13% (40800/131072 batches)
   0.7505s   c [gpu] Progress:  31.20% (40900/131072 batches)
   0.7502s   c [gpu] Progress:  31.28% (41000/131072 batches)
   0.7500s   c [gpu] Progress:  31.36% (41100/131072 batches)
   0.7499s   c [gpu] Progress:  31.43% (41200/131072 batches)
   0.7503s   c [gpu] Progress:  31.51% (41300/131072 batches)
   0.7505s   c [gpu] Progress:  31.59% (41400/131072 batches)
   0.7501s   c [gpu] Progress:  31.66% (41500/131072 batches)
   0.7496s   c [gpu] Progress:  31.74% (41600/131072 batches)
   0.7495s   c [gpu] Progress:  31.81% (41700/131072 batches)
   0.7497s   c [gpu] Progress:  31.89% (41800/131072 batches)
   0.7513s   c [gpu] Progress:  31.97% (41900/131072 batches)
   0.7500s   c [gpu] Progress:  32.04% (42000/131072 batches)
   0.7503s   c [gpu] Progress:  32.12% (42100/131072 batches)
   0.7514s   c [gpu] Progress:  32.20% (42200/131072 batches)
   0.7541s   c [gpu] Progress:  32.27% (42300/131072 batches)
   0.7573s   c [gpu] Progress:  32.35% (42400/131072 batches)
   0.7520s   c [gpu] Progress:  32.42% (42500/131072 batches)
   0.7549s   c [gpu] Progress:  32.50% (42600/131072 batches)
   0.7505s   c [gpu] Progress:  32.58% (42700/131072 batches)
   0.7500s   c [gpu] Progress:  32.65% (42800/131072 batches)
   0.7528s   c [gpu] Progress:  32.73% (42900/131072 batches)
   0.7496s   c [gpu] Progress:  32.81% (43000/131072 batches)
   0.7537s   c [gpu] Progress:  32.88% (43100/131072 batches)
   0.7507s   c [gpu] Progress:  32.96% (43200/131072 batches)
   0.7505s   c [gpu] Progress:  33.04% (43300/131072 batches)
   0.7527s   c [gpu] Progress:  33.11% (43400/131072 batches)
   0.7571s   c [gpu] Progress:  33.19% (43500/131072 batches)
   0.7545s   c [gpu] Progress:  33.26% (43600/131072 batches)
   0.7500s   c [gpu] Progress:  33.34% (43700/131072 batches)
   0.7501s   c [gpu] Progress:  33.42% (43800/131072 batches)
   0.7499s   c [gpu] Progress:  33.49% (43900/131072 batches)
   0.7561s   c [gpu] Progress:  33.57% (44000/131072 batches)
   0.7503s   c [gpu] Progress:  33.65% (44100/131072 batches)
   0.7510s   c [gpu] Progress:  33.72% (44200/131072 batches)
   0.7526s   c [gpu] Progress:  33.80% (44300/131072 batches)
   0.7500s   c [gpu] Progress:  33.87% (44400/131072 batches)
   0.7503s   c [gpu] Progress:  33.95% (44500/131072 batches)
   0.7504s   c [gpu] Progress:  34.03% (44600/131072 batches)
   0.7526s   c [gpu] Progress:  34.10% (44700/131072 batches)
   0.7544s   c [gpu] Progress:  34.18% (44800/131072 batches)
   0.7512s   c [gpu] Progress:  34.26% (44900/131072 batches)
   0.7500s   c [gpu] Progress:  34.33% (45000/131072 batches)
   0.7503s   c [gpu] Progress:  34.41% (45100/131072 batches)
   0.7501s   c [gpu] Progress:  34.48% (45200/131072 batches)
   0.7504s   c [gpu] Progress:  34.56% (45300/131072 batches)
   0.7498s   c [gpu] Progress:  34.64% (45400/131072 batches)
   0.7503s   c [gpu] Progress:  34.71% (45500/131072 batches)
   0.7509s   c [gpu] Progress:  34.79% (45600/131072 batches)
   0.7505s   c [gpu] Progress:  34.87% (45700/131072 batches)
   0.7503s   c [gpu] Progress:  34.94% (45800/131072 batches)
   0.7622s   c [gpu] Progress:  35.02% (45900/131072 batches)
   0.7497s   c [gpu] Progress:  35.10% (46000/131072 batches)
   0.7512s   c [gpu] Progress:  35.17% (46100/131072 batches)
   0.7510s   c [gpu] Progress:  35.25% (46200/131072 batches)
   0.7512s   c [gpu] Progress:  35.32% (46300/131072 batches)
   0.7503s   c [gpu] Progress:  35.40% (46400/131072 batches)
   0.7501s   c [gpu] Progress:  35.48% (46500/131072 batches)
   0.7500s   c [gpu] Progress:  35.55% (46600/131072 batches)
   0.7504s   c [gpu] Progress:  35.63% (46700/131072 batches)
   0.7505s   c [gpu] Progress:  35.71% (46800/131072 batches)
   0.7510s   c [gpu] Progress:  35.78% (46900/131072 batches)
   0.7500s   c [gpu] Progress:  35.86% (47000/131072 batches)
   0.7502s   c [gpu] Progress:  35.93% (47100/131072 batches)
   0.7498s   c [gpu] Progress:  36.01% (47200/131072 batches)
   0.7507s   c [gpu] Progress:  36.09% (47300/131072 batches)
   0.7529s   c [gpu] Progress:  36.16% (47400/131072 batches)
   0.7503s   c [gpu] Progress:  36.24% (47500/131072 batches)
   0.7498s   c [gpu] Progress:  36.32% (47600/131072 batches)
   0.7615s   c [gpu] Progress:  36.39% (47700/131072 batches)
   0.7594s   c [gpu] Progress:  36.47% (47800/131072 batches)
   0.7533s   c [gpu] Progress:  36.54% (47900/131072 batches)
   0.7635s   c [gpu] Progress:  36.62% (48000/131072 batches)
   0.7501s   c [gpu] Progress:  36.70% (48100/131072 batches)
   0.7572s   c [gpu] Progress:  36.77% (48200/131072 batches)
   0.7500s   c [gpu] Progress:  36.85% (48300/131072 batches)
   0.7527s   c [gpu] Progress:  36.93% (48400/131072 batches)
   0.7502s   c [gpu] Progress:  37.00% (48500/131072 batches)
   0.7502s   c [gpu] Progress:  37.08% (48600/131072 batches)
   0.7547s   c [gpu] Progress:  37.16% (48700/131072 batches)
   0.7530s   c [gpu] Progress:  37.23% (48800/131072 batches)
   0.7514s   c [gpu] Progress:  37.31% (48900/131072 batches)
   0.7500s   c [gpu] Progress:  37.38% (49000/131072 batches)
   0.7528s   c [gpu] Progress:  37.46% (49100/131072 batches)
   0.7493s   c [gpu] Progress:  37.54% (49200/131072 batches)
   0.7493s   c [gpu] Progress:  37.61% (49300/131072 batches)
   0.7498s   c [gpu] Progress:  37.69% (49400/131072 batches)
   0.7499s   c [gpu] Progress:  37.77% (49500/131072 batches)
   0.7498s   c [gpu] Progress:  37.84% (49600/131072 batches)
   0.7541s   c [gpu] Progress:  37.92% (49700/131072 batches)
   0.7505s   c [gpu] Progress:  37.99% (49800/131072 batches)
   0.7504s   c [gpu] Progress:  38.07% (49900/131072 batches)
   0.7505s   c [gpu] Progress:  38.15% (50000/131072 batches)
   0.7502s   c [gpu] Progress:  38.22% (50100/131072 batches)
   0.7497s   c [gpu] Progress:  38.30% (50200/131072 batches)
   0.7507s   c [gpu] Progress:  38.38% (50300/131072 batches)
   0.7508s   c [gpu] Progress:  38.45% (50400/131072 batches)
   0.7501s   c [gpu] Progress:  38.53% (50500/131072 batches)
   0.7511s   c [gpu] Progress:  38.60% (50600/131072 batches)
   0.7501s   c [gpu] Progress:  38.68% (50700/131072 batches)
   0.7503s   c [gpu] Progress:  38.76% (50800/131072 batches)
   0.7499s   c [gpu] Progress:  38.83% (50900/131072 batches)
   0.7501s   c [gpu] Progress:  38.91% (51000/131072 batches)
   0.7500s   c [gpu] Progress:  38.99% (51100/131072 batches)
   0.7575s   c [gpu] Progress:  39.06% (51200/131072 batches)
   0.7525s   c [gpu] Progress:  39.14% (51300/131072 batches)
   0.7524s   c [gpu] Progress:  39.22% (51400/131072 batches)
   0.7515s   c [gpu] Progress:  39.29% (51500/131072 batches)
   0.7504s   c [gpu] Progress:  39.37% (51600/131072 batches)
   0.7546s   c [gpu] Progress:  39.44% (51700/131072 batches)
   0.7503s   c [gpu] Progress:  39.52% (51800/131072 batches)
   0.7510s   c [gpu] Progress:  39.60% (51900/131072 batches)
   0.7499s   c [gpu] Progress:  39.67% (52000/131072 batches)
   0.7498s   c [gpu] Progress:  39.75% (52100/131072 batches)
   0.7508s   c [gpu] Progress:  39.83% (52200/131072 batches)
   0.7529s   c [gpu] Progress:  39.90% (52300/131072 batches)
   0.7521s   c [gpu] Progress:  39.98% (52400/131072 batches)
   0.7509s   c [gpu] Progress:  40.05% (52500/131072 batches)
   0.7502s   c [gpu] Progress:  40.13% (52600/131072 batches)
   0.7530s   c [gpu] Progress:  40.21% (52700/131072 batches)
   0.7508s   c [gpu] Progress:  40.28% (52800/131072 batches)
   0.7514s   c [gpu] Progress:  40.36% (52900/131072 batches)
   0.7504s   c [gpu] Progress:  40.44% (53000/131072 batches)
   0.7503s   c [gpu] Progress:  40.51% (53100/131072 batches)
   0.7503s   c [gpu] Progress:  40.59% (53200/131072 batches)
   0.7527s   c [gpu] Progress:  40.66% (53300/131072 batches)
   0.7503s   c [gpu] Progress:  40.74% (53400/131072 batches)
   0.7513s   c [gpu] Progress:  40.82% (53500/131072 batches)
   0.7506s   c [gpu] Progress:  40.89% (53600/131072 batches)
   0.7502s   c [gpu] Progress:  40.97% (53700/131072 batches)
   0.7498s   c [gpu] Progress:  41.05% (53800/131072 batches)
   0.7515s   c [gpu] Progress:  41.12% (53900/131072 batches)
   0.7500s   c [gpu] Progress:  41.20% (54000/131072 batches)
   0.7506s   c [gpu] Progress:  41.28% (54100/131072 batches)
   0.7505s   c [gpu] Progress:  41.35% (54200/131072 batches)
   0.7500s   c [gpu] Progress:  41.43% (54300/131072 batches)
   0.7502s   c [gpu] Progress:  41.50% (54400/131072 batches)
   0.7505s   c [gpu] Progress:  41.58% (54500/131072 batches)
   0.7505s   c [gpu] Progress:  41.66% (54600/131072 batches)
   0.7505s   c [gpu] Progress:  41.73% (54700/131072 batches)
   0.7519s   c [gpu] Progress:  41.81% (54800/131072 batches)
   0.7501s   c [gpu] Progress:  41.89% (54900/131072 batches)
   0.7505s   c [gpu] Progress:  41.96% (55000/131072 batches)
   0.7502s   c [gpu] Progress:  42.04% (55100/131072 batches)
   0.7501s   c [gpu] Progress:  42.11% (55200/131072 batches)
   0.7503s   c [gpu] Progress:  42.19% (55300/131072 batches)
   0.7502s   c [gpu] Progress:  42.27% (55400/131072 batches)
   0.7503s   c [gpu] Progress:  42.34% (55500/131072 batches)
   0.7563s   c [gpu] Progress:  42.42% (55600/131072 batches)
   0.7521s   c [gpu] Progress:  42.50% (55700/131072 batches)
   0.7531s   c [gpu] Progress:  42.57% (55800/131072 batches)
   0.7558s   c [gpu] Progress:  42.65% (55900/131072 batches)
   0.7542s   c [gpu] Progress:  42.72% (56000/131072 batches)
   0.7516s   c [gpu] Progress:  42.80% (56100/131072 batches)
   0.7559s   c [gpu] Progress:  42.88% (56200/131072 batches)
   0.7502s   c [gpu] Progress:  42.95% (56300/131072 batches)
   0.7506s   c [gpu] Progress:  43.03% (56400/131072 batches)
   0.7507s   c [gpu] Progress:  43.11% (56500/131072 batches)
   0.7504s   c [gpu] Progress:  43.18% (56600/131072 batches)
   0.7537s   c [gpu] Progress:  43.26% (56700/131072 batches)
   0.7506s   c [gpu] Progress:  43.33% (56800/131072 batches)
   0.7585s   c [gpu] Progress:  43.41% (56900/131072 batches)
   0.7505s   c [gpu] Progress:  43.49% (57000/131072 batches)
   0.7504s   c [gpu] Progress:  43.56% (57100/131072 batches)
   0.7498s   c [gpu] Progress:  43.64% (57200/131072 batches)
   0.7500s   c [gpu] Progress:  43.72% (57300/131072 batches)
   0.7506s   c [gpu] Progress:  43.79% (57400/131072 batches)
   0.7575s   c [gpu] Progress:  43.87% (57500/131072 batches)
   0.7500s   c [gpu] Progress:  43.95% (57600/131072 batches)
   0.7502s   c [gpu] Progress:  44.02% (57700/131072 batches)
   0.7504s   c [gpu] Progress:  44.10% (57800/131072 batches)
   0.7501s   c [gpu] Progress:  44.17% (57900/131072 batches)
   0.7500s   c [gpu] Progress:  44.25% (58000/131072 batches)
   0.7500s   c [gpu] Progress:  44.33% (58100/131072 batches)
   0.7498s   c [gpu] Progress:  44.40% (58200/131072 batches)
   0.7499s   c [gpu] Progress:  44.48% (58300/131072 batches)
   0.7502s   c [gpu] Progress:  44.56% (58400/131072 batches)
   0.7501s   c [gpu] Progress:  44.63% (58500/131072 batches)
   0.7501s   c [gpu] Progress:  44.71% (58600/131072 batches)
   0.7506s   c [gpu] Progress:  44.78% (58700/131072 batches)
   0.7527s   c [gpu] Progress:  44.86% (58800/131072 batches)
   0.7499s   c [gpu] Progress:  44.94% (58900/131072 batches)
   0.7500s   c [gpu] Progress:  45.01% (59000/131072 batches)
   0.7501s   c [gpu] Progress:  45.09% (59100/131072 batches)
   0.7502s   c [gpu] Progress:  45.17% (59200/131072 batches)
   0.7498s   c [gpu] Progress:  45.24% (59300/131072 batches)
   0.7504s   c [gpu] Progress:  45.32% (59400/131072 batches)
   0.7506s   c [gpu] Progress:  45.39% (59500/131072 batches)
   0.7505s   c [gpu] Progress:  45.47% (59600/131072 batches)
   0.7504s   c [gpu] Progress:  45.55% (59700/131072 batches)
   0.7499s   c [gpu] Progress:  45.62% (59800/131072 batches)
   0.7496s   c [gpu] Progress:  45.70% (59900/131072 batches)
   0.7505s   c [gpu] Progress:  45.78% (60000/131072 batches)
   0.7508s   c [gpu] Progress:  45.85% (60100/131072 batches)
   0.7493s   c [gpu] Progress:  45.93% (60200/131072 batches)
   0.7502s   c [gpu] Progress:  46.01% (60300/131072 batches)
   0.7496s   c [gpu] Progress:  46.08% (60400/131072 batches)
   0.7499s   c [gpu] Progress:  46.16% (60500/131072 batches)
   0.7503s   c [gpu] Progress:  46.23% (60600/131072 batches)
   0.7502s   c [gpu] Progress:  46.31% (60700/131072 batches)
   0.7507s   c [gpu] Progress:  46.39% (60800/131072 batches)
   0.7496s   c [gpu] Progress:  46.46% (60900/131072 batches)
   0.7494s   c [gpu] Progress:  46.54% (61000/131072 batches)
   0.7530s   c [gpu] Progress:  46.62% (61100/131072 batches)
   0.7496s   c [gpu] Progress:  46.69% (61200/131072 batches)
   0.7495s   c [gpu] Progress:  46.77% (61300/131072 batches)
   0.7495s   c [gpu] Progress:  46.84% (61400/131072 batches)
   0.7570s   c [gpu] Progress:  46.92% (61500/131072 batches)
   0.7501s   c [gpu] Progress:  47.00% (61600/131072 batches)
   0.7506s   c [gpu] Progress:  47.07% (61700/131072 batches)
   0.7501s   c [gpu] Progress:  47.15% (61800/131072 batches)
   0.7532s   c [gpu] Progress:  47.23% (61900/131072 batches)
   0.7505s   c [gpu] Progress:  47.30% (62000/131072 batches)
   0.7505s   c [gpu] Progress:  47.38% (62100/131072 batches)
   0.7536s   c [gpu] Progress:  47.45% (62200/131072 batches)
   0.7506s   c [gpu] Progress:  47.53% (62300/131072 batches)
   0.7508s   c [gpu] Progress:  47.61% (62400/131072 batches)
   0.7498s   c [gpu] Progress:  47.68% (62500/131072 batches)
   0.7502s   c [gpu] Progress:  47.76% (62600/131072 batches)
   0.7504s   c [gpu] Progress:  47.84% (62700/131072 batches)
   0.7507s   c [gpu] Progress:  47.91% (62800/131072 batches)
   0.7528s   c [gpu] Progress:  47.99% (62900/131072 batches)
   0.7519s   c [gpu] Progress:  48.07% (63000/131072 batches)
   0.7509s   c [gpu] Progress:  48.14% (63100/131072 batches)
   0.7502s   c [gpu] Progress:  48.22% (63200/131072 batches)
   0.7503s   c [gpu] Progress:  48.29% (63300/131072 batches)
   0.7505s   c [gpu] Progress:  48.37% (63400/131072 batches)
   0.7504s   c [gpu] Progress:  48.45% (63500/131072 batches)
   0.7498s   c [gpu] Progress:  48.52% (63600/131072 batches)
   0.7500s   c [gpu] Progress:  48.60% (63700/131072 batches)
   0.7500s   c [gpu] Progress:  48.68% (63800/131072 batches)
   0.7500s   c [gpu] Progress:  48.75% (63900/131072 batches)
   0.7494s   c [gpu] Progress:  48.83% (64000/131072 batches)
   0.7494s   c [gpu] Progress:  48.90% (64100/131072 batches)
   0.7493s   c [gpu] Progress:  48.98% (64200/131072 batches)
   0.7501s   c [gpu] Progress:  49.06% (64300/131072 batches)
   0.7501s   c [gpu] Progress:  49.13% (64400/131072 batches)
   0.7503s   c [gpu] Progress:  49.21% (64500/131072 batches)
   0.7499s   c [gpu] Progress:  49.29% (64600/131072 batches)
   0.7495s   c [gpu] Progress:  49.36% (64700/131072 batches)
   0.7497s   c [gpu] Progress:  49.44% (64800/131072 batches)
   0.7499s   c [gpu] Progress:  49.51% (64900/131072 batches)
   0.7505s   c [gpu] Progress:  49.59% (65000/131072 batches)
   0.7529s   c [gpu] Progress:  49.67% (65100/131072 batches)
   0.7501s   c [gpu] Progress:  49.74% (65200/131072 batches)
   0.7501s   c [gpu] Progress:  49.82% (65300/131072 batches)
   0.7499s   c [gpu] Progress:  49.90% (65400/131072 batches)
   0.7497s   c [gpu] Progress:  49.97% (65500/131072 batches)
   0.7498s   c [gpu] Progress:  50.05% (65600/131072 batches)
   0.7506s   c [gpu] Progress:  50.13% (65700/131072 batches)
   0.7497s   c [gpu] Progress:  50.20% (65800/131072 batches)
   0.7498s   c [gpu] Progress:  50.28% (65900/131072 batches)
   0.7503s   c [gpu] Progress:  50.35% (66000/131072 batches)
   0.7517s   c [gpu] Progress:  50.43% (66100/131072 batches)
   0.7501s   c [gpu] Progress:  50.51% (66200/131072 batches)
   0.7511s   c [gpu] Progress:  50.58% (66300/131072 batches)
   0.7526s   c [gpu] Progress:  50.66% (66400/131072 batches)
   0.7500s   c [gpu] Progress:  50.74% (66500/131072 batches)
   0.7498s   c [gpu] Progress:  50.81% (66600/131072 batches)
   0.7503s   c [gpu] Progress:  50.89% (66700/131072 batches)
   0.7507s   c [gpu] Progress:  50.96% (66800/131072 batches)
   0.7502s   c [gpu] Progress:  51.04% (66900/131072 batches)
   0.7500s   c [gpu] Progress:  51.12% (67000/131072 batches)
   0.7505s   c [gpu] Progress:  51.19% (67100/131072 batches)
   0.7515s   c [gpu] Progress:  51.27% (67200/131072 batches)
   0.7499s   c [gpu] Progress:  51.35% (67300/131072 batches)
   0.7499s   c [gpu] Progress:  51.42% (67400/131072 batches)
   0.7500s   c [gpu] Progress:  51.50% (67500/131072 batches)
   0.7506s   c [gpu] Progress:  51.57% (67600/131072 batches)
   0.7501s   c [gpu] Progress:  51.65% (67700/131072 batches)
   0.7506s   c [gpu] Progress:  51.73% (67800/131072 batches)
   0.7511s   c [gpu] Progress:  51.80% (67900/131072 batches)
   0.7507s   c [gpu] Progress:  51.88% (68000/131072 batches)
   0.7505s   c [gpu] Progress:  51.96% (68100/131072 batches)
   0.7501s   c [gpu] Progress:  52.03% (68200/131072 batches)
   0.7515s   c [gpu] Progress:  52.11% (68300/131072 batches)
   0.7497s   c [gpu] Progress:  52.19% (68400/131072 batches)
   0.7502s   c [gpu] Progress:  52.26% (68500/131072 batches)
   0.7501s   c [gpu] Progress:  52.34% (68600/131072 batches)
   0.7501s   c [gpu] Progress:  52.41% (68700/131072 batches)
   0.7498s   c [gpu] Progress:  52.49% (68800/131072 batches)
   0.7498s   c [gpu] Progress:  52.57% (68900/131072 batches)
   0.7500s   c [gpu] Progress:  52.64% (69000/131072 batches)
   0.7512s   c [gpu] Progress:  52.72% (69100/131072 batches)
   0.7505s   c [gpu] Progress:  52.80% (69200/131072 batches)
   0.7499s   c [gpu] Progress:  52.87% (69300/131072 batches)
   0.7500s   c [gpu] Progress:  52.95% (69400/131072 batches)
   0.7500s   c [gpu] Progress:  53.02% (69500/131072 batches)
   0.7500s   c [gpu] Progress:  53.10% (69600/131072 batches)
   0.7500s   c [gpu] Progress:  53.18% (69700/131072 batches)
   0.7500s   c [gpu] Progress:  53.25% (69800/131072 batches)
   0.7502s   c [gpu] Progress:  53.33% (69900/131072 batches)
   0.7510s   c [gpu] Progress:  53.41% (70000/131072 batches)
   0.7503s   c [gpu] Progress:  53.48% (70100/131072 batches)
   0.7503s   c [gpu] Progress:  53.56% (70200/131072 batches)
   0.7515s   c [gpu] Progress:  53.63% (70300/131072 batches)
   0.7507s   c [gpu] Progress:  53.71% (70400/131072 batches)
   0.7500s   c [gpu] Progress:  53.79% (70500/131072 batches)
   0.7504s   c [gpu] Progress:  53.86% (70600/131072 batches)
   0.7508s   c [gpu] Progress:  53.94% (70700/131072 batches)
   0.7508s   c [gpu] Progress:  54.02% (70800/131072 batches)
   0.7498s   c [gpu] Progress:  54.09% (70900/131072 batches)
   0.7497s   c [gpu] Progress:  54.17% (71000/131072 batches)
   0.7500s   c [gpu] Progress:  54.24% (71100/131072 batches)
   0.7511s   c [gpu] Progress:  54.32% (71200/131072 batches)
   0.7505s   c [gpu] Progress:  54.40% (71300/131072 batches)
   0.7506s   c [gpu] Progress:  54.47% (71400/131072 batches)
   0.7499s   c [gpu] Progress:  54.55% (71500/131072 batches)
   0.7501s   c [gpu] Progress:  54.63% (71600/131072 batches)
   0.7496s   c [gpu] Progress:  54.70% (71700/131072 batches)
   0.7497s   c [gpu] Progress:  54.78% (71800/131072 batches)
   0.7508s   c [gpu] Progress:  54.86% (71900/131072 batches)
   0.7508s   c [gpu] Progress:  54.93% (72000/131072 batches)
   0.7519s   c [gpu] Progress:  55.01% (72100/131072 batches)
   0.7503s   c [gpu] Progress:  55.08% (72200/131072 batches)
   0.7497s   c [gpu] Progress:  55.16% (72300/131072 batches)
   0.7501s   c [gpu] Progress:  55.24% (72400/131072 batches)
   0.7502s   c [gpu] Progress:  55.31% (72500/131072 batches)
   0.7502s   c [gpu] Progress:  55.39% (72600/131072 batches)
   0.7502s   c [gpu] Progress:  55.47% (72700/131072 batches)
   0.7500s   c [gpu] Progress:  55.54% (72800/131072 batches)
   0.7506s   c [gpu] Progress:  55.62% (72900/131072 batches)
   0.7502s   c [gpu] Progress:  55.69% (73000/131072 batches)
   0.7504s   c [gpu] Progress:  55.77% (73100/131072 batches)
   0.7502s   c [gpu] Progress:  55.85% (73200/131072 batches)
   0.7504s   c [gpu] Progress:  55.92% (73300/131072 batches)
   0.7507s   c [gpu] Progress:  56.00% (73400/131072 batches)
   0.7508s   c [gpu] Progress:  56.08% (73500/131072 batches)
   0.7515s   c [gpu] Progress:  56.15% (73600/131072 batches)
   0.7500s   c [gpu] Progress:  56.23% (73700/131072 batches)
   0.7506s   c [gpu] Progress:  56.30% (73800/131072 batches)
   0.7505s   c [gpu] Progress:  56.38% (73900/131072 batches)
   0.7493s   c [gpu] Progress:  56.46% (74000/131072 batches)
   0.7496s   c [gpu] Progress:  56.53% (74100/131072 batches)
   0.7502s   c [gpu] Progress:  56.61% (74200/131072 batches)
   0.7496s   c [gpu] Progress:  56.69% (74300/131072 batches)
   0.7507s   c [gpu] Progress:  56.76% (74400/131072 batches)
   0.7499s   c [gpu] Progress:  56.84% (74500/131072 batches)
   0.7502s   c [gpu] Progress:  56.92% (74600/131072 batches)
   0.7543s   c [gpu] Progress:  56.99% (74700/131072 batches)
   0.7505s   c [gpu] Progress:  57.07% (74800/131072 batches)
   0.7499s   c [gpu] Progress:  57.14% (74900/131072 batches)
   0.7501s   c [gpu] Progress:  57.22% (75000/131072 batches)
   0.7501s   c [gpu] Progress:  57.30% (75100/131072 batches)
   0.7500s   c [gpu] Progress:  57.37% (75200/131072 batches)
   0.7500s   c [gpu] Progress:  57.45% (75300/131072 batches)
   0.7499s   c [gpu] Progress:  57.53% (75400/131072 batches)
   0.7500s   c [gpu] Progress:  57.60% (75500/131072 batches)
   0.7498s   c [gpu] Progress:  57.68% (75600/131072 batches)
   0.7499s   c [gpu] Progress:  57.75% (75700/131072 batches)
   0.7500s   c [gpu] Progress:  57.83% (75800/131072 batches)
   0.7493s   c [gpu] Progress:  57.91% (75900/131072 batches)
   0.7508s   c [gpu] Progress:  57.98% (76000/131072 batches)
   0.7508s   c [gpu] Progress:  58.06% (76100/131072 batches)
   0.7540s   c [gpu] Progress:  58.14% (76200/131072 batches)
   0.7502s   c [gpu] Progress:  58.21% (76300/131072 batches)
   0.7500s   c [gpu] Progress:  58.29% (76400/131072 batches)
   0.7503s   c [gpu] Progress:  58.36% (76500/131072 batches)
   0.7502s   c [gpu] Progress:  58.44% (76600/131072 batches)
   0.7503s   c [gpu] Progress:  58.52% (76700/131072 batches)
   0.7504s   c [gpu] Progress:  58.59% (76800/131072 batches)
   0.7501s   c [gpu] Progress:  58.67% (76900/131072 batches)
   0.7500s   c [gpu] Progress:  58.75% (77000/131072 batches)
   0.7507s   c [gpu] Progress:  58.82% (77100/131072 batches)
   0.7500s   c [gpu] Progress:  58.90% (77200/131072 batches)
   0.7500s   c [gpu] Progress:  58.98% (77300/131072 batches)
   0.7507s   c [gpu] Progress:  59.05% (77400/131072 batches)
   0.7505s   c [gpu] Progress:  59.13% (77500/131072 batches)
   0.7502s   c [gpu] Progress:  59.20% (77600/131072 batches)
   0.7502s   c [gpu] Progress:  59.28% (77700/131072 batches)
   0.7502s   c [gpu] Progress:  59.36% (77800/131072 batches)
   0.7498s   c [gpu] Progress:  59.43% (77900/131072 batches)
   0.7499s   c [gpu] Progress:  59.51% (78000/131072 batches)
   0.7502s   c [gpu] Progress:  59.59% (78100/131072 batches)
   0.7502s   c [gpu] Progress:  59.66% (78200/131072 batches)
   0.7511s   c [gpu] Progress:  59.74% (78300/131072 batches)
   0.7507s   c [gpu] Progress:  59.81% (78400/131072 batches)
   0.7501s   c [gpu] Progress:  59.89% (78500/131072 batches)
   0.7502s   c [gpu] Progress:  59.97% (78600/131072 batches)
   0.7500s   c [gpu] Progress:  60.04% (78700/131072 batches)
   0.7506s   c [gpu] Progress:  60.12% (78800/131072 batches)
   0.7503s   c [gpu] Progress:  60.20% (78900/131072 batches)
   0.7535s   c [gpu] Progress:  60.27% (79000/131072 batches)
   0.7504s   c [gpu] Progress:  60.35% (79100/131072 batches)
   0.7508s   c [gpu] Progress:  60.42% (79200/131072 batches)
   0.7509s   c [gpu] Progress:  60.50% (79300/131072 batches)
   0.7500s   c [gpu] Progress:  60.58% (79400/131072 batches)
   0.7502s   c [gpu] Progress:  60.65% (79500/131072 batches)
   0.7499s   c [gpu] Progress:  60.73% (79600/131072 batches)
   0.7506s   c [gpu] Progress:  60.81% (79700/131072 batches)
   0.7507s   c [gpu] Progress:  60.88% (79800/131072 batches)
   0.7507s   c [gpu] Progress:  60.96% (79900/131072 batches)
   0.7504s   c [gpu] Progress:  61.04% (80000/131072 batches)
   0.7539s   c [gpu] Progress:  61.11% (80100/131072 batches)
   0.7494s   c [gpu] Progress:  61.19% (80200/131072 batches)
   0.7493s   c [gpu] Progress:  61.26% (80300/131072 batches)
   0.7506s   c [gpu] Progress:  61.34% (80400/131072 batches)
   0.7501s   c [gpu] Progress:  61.42% (80500/131072 batches)
   0.7498s   c [gpu] Progress:  61.49% (80600/131072 batches)
   0.7505s   c [gpu] Progress:  61.57% (80700/131072 batches)
   0.7508s   c [gpu] Progress:  61.65% (80800/131072 batches)
   0.7508s   c [gpu] Progress:  61.72% (80900/131072 batches)
   0.7507s   c [gpu] Progress:  61.80% (81000/131072 batches)
   0.7536s   c [gpu] Progress:  61.87% (81100/131072 batches)
   0.7572s   c [gpu] Progress:  61.95% (81200/131072 batches)
   0.7498s   c [gpu] Progress:  62.03% (81300/131072 batches)
   0.7497s   c [gpu] Progress:  62.10% (81400/131072 batches)
   0.7500s   c [gpu] Progress:  62.18% (81500/131072 batches)
   0.7500s   c [gpu] Progress:  62.26% (81600/131072 batches)
   0.7498s   c [gpu] Progress:  62.33% (81700/131072 batches)
   0.7509s   c [gpu] Progress:  62.41% (81800/131072 batches)
   0.7505s   c [gpu] Progress:  62.48% (81900/131072 batches)
   0.7502s   c [gpu] Progress:  62.56% (82000/131072 batches)
   0.7498s   c [gpu] Progress:  62.64% (82100/131072 batches)
   0.7601s   c [gpu] Progress:  62.71% (82200/131072 batches)
   0.7508s   c [gpu] Progress:  62.79% (82300/131072 batches)
   0.7502s   c [gpu] Progress:  62.87% (82400/131072 batches)
   0.7504s   c [gpu] Progress:  62.94% (82500/131072 batches)
   0.7500s   c [gpu] Progress:  63.02% (82600/131072 batches)
   0.7506s   c [gpu] Progress:  63.10% (82700/131072 batches)
   0.7503s   c [gpu] Progress:  63.17% (82800/131072 batches)
   0.7500s   c [gpu] Progress:  63.25% (82900/131072 batches)
   0.7505s   c [gpu] Progress:  63.32% (83000/131072 batches)
   0.7503s   c [gpu] Progress:  63.40% (83100/131072 batches)
   0.7500s   c [gpu] Progress:  63.48% (83200/131072 batches)
   0.7502s   c [gpu] Progress:  63.55% (83300/131072 batches)
   0.7504s   c [gpu] Progress:  63.63% (83400/131072 batches)
   0.7505s   c [gpu] Progress:  63.71% (83500/131072 batches)
   0.7504s   c [gpu] Progress:  63.78% (83600/131072 batches)
   0.7505s   c [gpu] Progress:  63.86% (83700/131072 batches)
   0.7499s   c [gpu] Progress:  63.93% (83800/131072 batches)
   0.7503s   c [gpu] Progress:  64.01% (83900/131072 batches)
   0.7500s   c [gpu] Progress:  64.09% (84000/131072 batches)
   0.7498s   c [gpu] Progress:  64.16% (84100/131072 batches)
   0.7501s   c [gpu] Progress:  64.24% (84200/131072 batches)
   0.7505s   c [gpu] Progress:  64.32% (84300/131072 batches)
   0.7494s   c [gpu] Progress:  64.39% (84400/131072 batches)
   0.7495s   c [gpu] Progress:  64.47% (84500/131072 batches)
   0.7502s   c [gpu] Progress:  64.54% (84600/131072 batches)
   0.7499s   c [gpu] Progress:  64.62% (84700/131072 batches)
   0.7500s   c [gpu] Progress:  64.70% (84800/131072 batches)
   0.7502s   c [gpu] Progress:  64.77% (84900/131072 batches)
   0.7503s   c [gpu] Progress:  64.85% (85000/131072 batches)
   0.7497s   c [gpu] Progress:  64.93% (85100/131072 batches)
   0.7496s   c [gpu] Progress:  65.00% (85200/131072 batches)
   0.7499s   c [gpu] Progress:  65.08% (85300/131072 batches)
   0.7500s   c [gpu] Progress:  65.16% (85400/131072 batches)
   0.7535s   c [gpu] Progress:  65.23% (85500/131072 batches)
   0.7506s   c [gpu] Progress:  65.31% (85600/131072 batches)
   0.7590s   c [gpu] Progress:  65.38% (85700/131072 batches)
   0.7563s   c [gpu] Progress:  65.46% (85800/131072 batches)
   0.7500s   c [gpu] Progress:  65.54% (85900/131072 batches)
   0.7567s   c [gpu] Progress:  65.61% (86000/131072 batches)
   0.7568s   c [gpu] Progress:  65.69% (86100/131072 batches)
   0.7497s   c [gpu] Progress:  65.77% (86200/131072 batches)
   0.7516s   c [gpu] Progress:  65.84% (86300/131072 batches)
   0.7552s   c [gpu] Progress:  65.92% (86400/131072 batches)
   0.7506s   c [gpu] Progress:  65.99% (86500/131072 batches)
   0.7503s   c [gpu] Progress:  66.07% (86600/131072 batches)
   0.7501s   c [gpu] Progress:  66.15% (86700/131072 batches)
   0.7565s   c [gpu] Progress:  66.22% (86800/131072 batches)
   0.7502s   c [gpu] Progress:  66.30% (86900/131072 batches)
   0.7501s   c [gpu] Progress:  66.38% (87000/131072 batches)
   0.7503s   c [gpu] Progress:  66.45% (87100/131072 batches)
   0.7501s   c [gpu] Progress:  66.53% (87200/131072 batches)
   0.7502s   c [gpu] Progress:  66.60% (87300/131072 batches)
   0.7502s   c [gpu] Progress:  66.68% (87400/131072 batches)
   0.7509s   c [gpu] Progress:  66.76% (87500/131072 batches)
   0.7512s   c [gpu] Progress:  66.83% (87600/131072 batches)
   0.7506s   c [gpu] Progress:  66.91% (87700/131072 batches)
   0.7505s   c [gpu] Progress:  66.99% (87800/131072 batches)
   0.7497s   c [gpu] Progress:  67.06% (87900/131072 batches)
   0.7499s   c [gpu] Progress:  67.14% (88000/131072 batches)
   0.7506s   c [gpu] Progress:  67.21% (88100/131072 batches)
   0.7507s   c [gpu] Progress:  67.29% (88200/131072 batches)
   0.7506s   c [gpu] Progress:  67.37% (88300/131072 batches)
   0.7500s   c [gpu] Progress:  67.44% (88400/131072 batches)
   0.7497s   c [gpu] Progress:  67.52% (88500/131072 batches)
   0.7500s   c [gpu] Progress:  67.60% (88600/131072 batches)
   0.7497s   c [gpu] Progress:  67.67% (88700/131072 batches)
   0.7500s   c [gpu] Progress:  67.75% (88800/131072 batches)
   0.7553s   c [gpu] Progress:  67.83% (88900/131072 batches)
   0.7515s   c [gpu] Progress:  67.90% (89000/131072 batches)
   0.7537s   c [gpu] Progress:  67.98% (89100/131072 batches)
   0.7520s   c [gpu] Progress:  68.05% (89200/131072 batches)
   0.7519s   c [gpu] Progress:  68.13% (89300/131072 batches)
   0.7497s   c [gpu] Progress:  68.21% (89400/131072 batches)
   0.7588s   c [gpu] Progress:  68.28% (89500/131072 batches)
   0.7537s   c [gpu] Progress:  68.36% (89600/131072 batches)
   0.7560s   c [gpu] Progress:  68.44% (89700/131072 batches)
   0.7508s   c [gpu] Progress:  68.51% (89800/131072 batches)
   0.7507s   c [gpu] Progress:  68.59% (89900/131072 batches)
   0.7502s   c [gpu] Progress:  68.66% (90000/131072 batches)
   0.7500s   c [gpu] Progress:  68.74% (90100/131072 batches)
   0.7500s   c [gpu] Progress:  68.82% (90200/131072 batches)
   0.7501s   c [gpu] Progress:  68.89% (90300/131072 batches)
   0.7555s   c [gpu] Progress:  68.97% (90400/131072 batches)
   0.7501s   c [gpu] Progress:  69.05% (90500/131072 batches)
   0.7504s   c [gpu] Progress:  69.12% (90600/131072 batches)
   0.7503s   c [gpu] Progress:  69.20% (90700/131072 batches)
   0.7511s   c [gpu] Progress:  69.27% (90800/131072 batches)
   0.7503s   c [gpu] Progress:  69.35% (90900/131072 batches)
   0.7503s   c [gpu] Progress:  69.43% (91000/131072 batches)
   0.7504s   c [gpu] Progress:  69.50% (91100/131072 batches)
   0.7507s   c [gpu] Progress:  69.58% (91200/131072 batches)
   0.7509s   c [gpu] Progress:  69.66% (91300/131072 batches)
   0.7501s   c [gpu] Progress:  69.73% (91400/131072 batches)
   0.7492s   c [gpu] Progress:  69.81% (91500/131072 batches)
   0.7493s   c [gpu] Progress:  69.89% (91600/131072 batches)
   0.7493s   c [gpu] Progress:  69.96% (91700/131072 batches)
   0.7495s   c [gpu] Progress:  70.04% (91800/131072 batches)
   0.7499s   c [gpu] Progress:  70.11% (91900/131072 batches)
   0.7501s   c [gpu] Progress:  70.19% (92000/131072 batches)
   0.7566s   c [gpu] Progress:  70.27% (92100/131072 batches)
   0.7572s   c [gpu] Progress:  70.34% (92200/131072 batches)
   0.7533s   c [gpu] Progress:  70.42% (92300/131072 batches)
   0.7553s   c [gpu] Progress:  70.50% (92400/131072 batches)
   0.7529s   c [gpu] Progress:  70.57% (92500/131072 batches)
   0.7598s   c [gpu] Progress:  70.65% (92600/131072 batches)
   0.7501s   c [gpu] Progress:  70.72% (92700/131072 batches)
   0.7587s   c [gpu] Progress:  70.80% (92800/131072 batches)
   0.7502s   c [gpu] Progress:  70.88% (92900/131072 batches)
   0.7522s   c [gpu] Progress:  70.95% (93000/131072 batches)
   0.7538s   c [gpu] Progress:  71.03% (93100/131072 batches)
   0.7508s   c [gpu] Progress:  71.11% (93200/131072 batches)
   0.7498s   c [gpu] Progress:  71.18% (93300/131072 batches)
   0.7500s   c [gpu] Progress:  71.26% (93400/131072 batches)
   0.7497s   c [gpu] Progress:  71.33% (93500/131072 batches)
   0.7538s   c [gpu] Progress:  71.41% (93600/131072 batches)
   0.7513s   c [gpu] Progress:  71.49% (93700/131072 batches)
   0.7498s   c [gpu] Progress:  71.56% (93800/131072 batches)
   0.7494s   c [gpu] Progress:  71.64% (93900/131072 batches)
   0.7500s   c [gpu] Progress:  71.72% (94000/131072 batches)
   0.7505s   c [gpu] Progress:  71.79% (94100/131072 batches)
   0.7516s   c [gpu] Progress:  71.87% (94200/131072 batches)
   0.7504s   c [gpu] Progress:  71.95% (94300/131072 batches)
   0.7505s   c [gpu] Progress:  72.02% (94400/131072 batches)
   0.7505s   c [gpu] Progress:  72.10% (94500/131072 batches)
   0.7504s   c [gpu] Progress:  72.17% (94600/131072 batches)
   0.7507s   c [gpu] Progress:  72.25% (94700/131072 batches)
   0.7499s   c [gpu] Progress:  72.33% (94800/131072 batches)
   0.7498s   c [gpu] Progress:  72.40% (94900/131072 batches)
   0.7499s   c [gpu] Progress:  72.48% (95000/131072 batches)
   0.7502s   c [gpu] Progress:  72.56% (95100/131072 batches)
   0.7501s   c [gpu] Progress:  72.63% (95200/131072 batches)
   0.7503s   c [gpu] Progress:  72.71% (95300/131072 batches)
   0.7504s   c [gpu] Progress:  72.78% (95400/131072 batches)
   0.7500s   c [gpu] Progress:  72.86% (95500/131072 batches)
   0.7493s   c [gpu] Progress:  72.94% (95600/131072 batches)
   0.7495s   c [gpu] Progress:  73.01% (95700/131072 batches)
   0.7493s   c [gpu] Progress:  73.09% (95800/131072 batches)
   0.7511s   c [gpu] Progress:  73.17% (95900/131072 batches)
   0.7561s   c [gpu] Progress:  73.24% (96000/131072 batches)
   0.7499s   c [gpu] Progress:  73.32% (96100/131072 batches)
   0.7567s   c [gpu] Progress:  73.39% (96200/131072 batches)
   0.7498s   c [gpu] Progress:  73.47% (96300/131072 batches)
   0.7572s   c [gpu] Progress:  73.55% (96400/131072 batches)
   0.7515s   c [gpu] Progress:  73.62% (96500/131072 batches)
   0.7496s   c [gpu] Progress:  73.70% (96600/131072 batches)
   0.7509s   c [gpu] Progress:  73.78% (96700/131072 batches)
   0.7545s   c [gpu] Progress:  73.85% (96800/131072 batches)
   0.7510s   c [gpu] Progress:  73.93% (96900/131072 batches)
   0.7496s   c [gpu] Progress:  74.01% (97000/131072 batches)
   0.7500s   c [gpu] Progress:  74.08% (97100/131072 batches)
   0.7530s   c [gpu] Progress:  74.16% (97200/131072 batches)
   0.7502s   c [gpu] Progress:  74.23% (97300/131072 batches)
   0.7521s   c [gpu] Progress:  74.31% (97400/131072 batches)
   0.7527s   c [gpu] Progress:  74.39% (97500/131072 batches)
   0.7497s   c [gpu] Progress:  74.46% (97600/131072 batches)
   0.7557s   c [gpu] Progress:  74.54% (97700/131072 batches)
   0.7500s   c [gpu] Progress:  74.62% (97800/131072 batches)
   0.7498s   c [gpu] Progress:  74.69% (97900/131072 batches)
   0.7500s   c [gpu] Progress:  74.77% (98000/131072 batches)
   0.7500s   c [gpu] Progress:  74.84% (98100/131072 batches)
   0.7500s   c [gpu] Progress:  74.92% (98200/131072 batches)
   0.7501s   c [gpu] Progress:  75.00% (98300/131072 batches)
   0.7503s   c [gpu] Progress:  75.07% (98400/131072 batches)
   0.7501s   c [gpu] Progress:  75.15% (98500/131072 batches)
   0.7496s   c [gpu] Progress:  75.23% (98600/131072 batches)
   0.7495s   c [gpu] Progress:  75.30% (98700/131072 batches)
   0.7551s   c [gpu] Progress:  75.38% (98800/131072 batches)
   0.7499s   c [gpu] Progress:  75.45% (98900/131072 batches)
   0.7501s   c [gpu] Progress:  75.53% (99000/131072 batches)
   0.7499s   c [gpu] Progress:  75.61% (99100/131072 batches)
   0.7501s   c [gpu] Progress:  75.68% (99200/131072 batches)
   0.7500s   c [gpu] Progress:  75.76% (99300/131072 batches)
   0.7501s   c [gpu] Progress:  75.84% (99400/131072 batches)
   0.7499s   c [gpu] Progress:  75.91% (99500/131072 batches)
   0.7499s   c [gpu] Progress:  75.99% (99600/131072 batches)
   0.7500s   c [gpu] Progress:  76.07% (99700/131072 batches)
   0.7501s   c [gpu] Progress:  76.14% (99800/131072 batches)
   0.7500s   c [gpu] Progress:  76.22% (99900/131072 batches)
   0.7500s   c [gpu] Progress:  76.29% (100000/131072 batches)
   0.7500s   c [gpu] Progress:  76.37% (100100/131072 batches)
   0.7500s   c [gpu] Progress:  76.45% (100200/131072 batches)
   0.7500s   c [gpu] Progress:  76.52% (100300/131072 batches)
   0.7500s   c [gpu] Progress:  76.60% (100400/131072 batches)
   0.7515s   c [gpu] Progress:  76.68% (100500/131072 batches)
   0.7500s   c [gpu] Progress:  76.75% (100600/131072 batches)
   0.7500s   c [gpu] Progress:  76.83% (100700/131072 batches)
   0.7510s   c [gpu] Progress:  76.90% (100800/131072 batches)
   0.7500s   c [gpu] Progress:  76.98% (100900/131072 batches)
   0.7500s   c [gpu] Progress:  77.06% (101000/131072 batches)
   0.7500s   c [gpu] Progress:  77.13% (101100/131072 batches)
   0.7500s   c [gpu] Progress:  77.21% (101200/131072 batches)
   0.7500s   c [gpu] Progress:  77.29% (101300/131072 batches)
   0.7504s   c [gpu] Progress:  77.36% (101400/131072 batches)
   0.7506s   c [gpu] Progress:  77.44% (101500/131072 batches)
   0.7493s   c [gpu] Progress:  77.51% (101600/131072 batches)
   0.7496s   c [gpu] Progress:  77.59% (101700/131072 batches)
   0.7501s   c [gpu] Progress:  77.67% (101800/131072 batches)
   0.7500s   c [gpu] Progress:  77.74% (101900/131072 batches)
   0.7506s   c [gpu] Progress:  77.82% (102000/131072 batches)
   0.7505s   c [gpu] Progress:  77.90% (102100/131072 batches)
   0.7506s   c [gpu] Progress:  77.97% (102200/131072 batches)
   0.7499s   c [gpu] Progress:  78.05% (102300/131072 batches)
   0.7500s   c [gpu] Progress:  78.12% (102400/131072 batches)
   0.7529s   c [gpu] Progress:  78.20% (102500/131072 batches)
   0.7527s   c [gpu] Progress:  78.28% (102600/131072 batches)
   0.7499s   c [gpu] Progress:  78.35% (102700/131072 batches)
   0.7500s   c [gpu] Progress:  78.43% (102800/131072 batches)
   0.7494s   c [gpu] Progress:  78.51% (102900/131072 batches)
   0.7505s   c [gpu] Progress:  78.58% (103000/131072 batches)
   0.7501s   c [gpu] Progress:  78.66% (103100/131072 batches)
   0.7500s   c [gpu] Progress:  78.74% (103200/131072 batches)
   0.7515s   c [gpu] Progress:  78.81% (103300/131072 batches)
   0.7500s   c [gpu] Progress:  78.89% (103400/131072 batches)
   0.7515s   c [gpu] Progress:  78.96% (103500/131072 batches)
   0.7501s   c [gpu] Progress:  79.04% (103600/131072 batches)
   0.7499s   c [gpu] Progress:  79.12% (103700/131072 batches)
   0.7500s   c [gpu] Progress:  79.19% (103800/131072 batches)
   0.7505s   c [gpu] Progress:  79.27% (103900/131072 batches)
   0.7503s   c [gpu] Progress:  79.35% (104000/131072 batches)
   0.7503s   c [gpu] Progress:  79.42% (104100/131072 batches)
   0.7505s   c [gpu] Progress:  79.50% (104200/131072 batches)
   0.7502s   c [gpu] Progress:  79.57% (104300/131072 batches)
   0.7497s   c [gpu] Progress:  79.65% (104400/131072 batches)
   0.7553s   c [gpu] Progress:  79.73% (104500/131072 batches)
   0.7507s   c [gpu] Progress:  79.80% (104600/131072 batches)
   0.7558s   c [gpu] Progress:  79.88% (104700/131072 batches)
   0.7536s   c [gpu] Progress:  79.96% (104800/131072 batches)
   0.7504s   c [gpu] Progress:  80.03% (104900/131072 batches)
   0.7508s   c [gpu] Progress:  80.11% (105000/131072 batches)
   0.7504s   c [gpu] Progress:  80.18% (105100/131072 batches)
   0.7507s   c [gpu] Progress:  80.26% (105200/131072 batches)
   0.7510s   c [gpu] Progress:  80.34% (105300/131072 batches)
   0.7501s   c [gpu] Progress:  80.41% (105400/131072 batches)
   0.7504s   c [gpu] Progress:  80.49% (105500/131072 batches)
   0.7505s   c [gpu] Progress:  80.57% (105600/131072 batches)
   0.7509s   c [gpu] Progress:  80.64% (105700/131072 batches)
   0.7509s   c [gpu] Progress:  80.72% (105800/131072 batches)
   0.7509s   c [gpu] Progress:  80.80% (105900/131072 batches)
   0.7509s   c [gpu] Progress:  80.87% (106000/131072 batches)
   0.7502s   c [gpu] Progress:  80.95% (106100/131072 batches)
   0.7501s   c [gpu] Progress:  81.02% (106200/131072 batches)
   0.7500s   c [gpu] Progress:  81.10% (106300/131072 batches)
   0.7504s   c [gpu] Progress:  81.18% (106400/131072 batches)
   0.7507s   c [gpu] Progress:  81.25% (106500/131072 batches)
   0.7506s   c [gpu] Progress:  81.33% (106600/131072 batches)
   0.7505s   c [gpu] Progress:  81.41% (106700/131072 batches)
   0.7502s   c [gpu] Progress:  81.48% (106800/131072 batches)
   0.7502s   c [gpu] Progress:  81.56% (106900/131072 batches)
   0.7500s   c [gpu] Progress:  81.63% (107000/131072 batches)
   0.7500s   c [gpu] Progress:  81.71% (107100/131072 batches)
   0.7502s   c [gpu] Progress:  81.79% (107200/131072 batches)
   0.7503s   c [gpu] Progress:  81.86% (107300/131072 batches)
   0.7504s   c [gpu] Progress:  81.94% (107400/131072 batches)
   0.7501s   c [gpu] Progress:  82.02% (107500/131072 batches)
   0.7500s   c [gpu] Progress:  82.09% (107600/131072 batches)
   0.7500s   c [gpu] Progress:  82.17% (107700/131072 batches)
   0.7503s   c [gpu] Progress:  82.24% (107800/131072 batches)
   0.7503s   c [gpu] Progress:  82.32% (107900/131072 batches)
   0.7502s   c [gpu] Progress:  82.40% (108000/131072 batches)
   0.7511s   c [gpu] Progress:  82.47% (108100/131072 batches)
   0.7503s   c [gpu] Progress:  82.55% (108200/131072 batches)
   0.7504s   c [gpu] Progress:  82.63% (108300/131072 batches)
   0.7506s   c [gpu] Progress:  82.70% (108400/131072 batches)
   0.7500s   c [gpu] Progress:  82.78% (108500/131072 batches)
   0.7505s   c [gpu] Progress:  82.86% (108600/131072 batches)
   0.7504s   c [gpu] Progress:  82.93% (108700/131072 batches)
   0.7504s   c [gpu] Progress:  83.01% (108800/131072 batches)
   0.7504s   c [gpu] Progress:  83.08% (108900/131072 batches)
   0.7509s   c [gpu] Progress:  83.16% (109000/131072 batches)
   0.7504s   c [gpu] Progress:  83.24% (109100/131072 batches)
   0.7506s   c [gpu] Progress:  83.31% (109200/131072 batches)
   0.7506s   c [gpu] Progress:  83.39% (109300/131072 batches)
   0.7509s   c [gpu] Progress:  83.47% (109400/131072 batches)
   0.7507s   c [gpu] Progress:  83.54% (109500/131072 batches)
   0.7507s   c [gpu] Progress:  83.62% (109600/131072 batches)
   0.7502s   c [gpu] Progress:  83.69% (109700/131072 batches)
   0.7501s   c [gpu] Progress:  83.77% (109800/131072 batches)
   0.7498s   c [gpu] Progress:  83.85% (109900/131072 batches)
   0.7558s   c [gpu] Progress:  83.92% (110000/131072 batches)
   0.7494s   c [gpu] Progress:  84.00% (110100/131072 batches)
   0.7493s   c [gpu] Progress:  84.08% (110200/131072 batches)
   0.7496s   c [gpu] Progress:  84.15% (110300/131072 batches)
   0.7505s   c [gpu] Progress:  84.23% (110400/131072 batches)
   0.7505s   c [gpu] Progress:  84.30% (110500/131072 batches)
   0.7499s   c [gpu] Progress:  84.38% (110600/131072 batches)
   0.7500s   c [gpu] Progress:  84.46% (110700/131072 batches)
   0.7494s   c [gpu] Progress:  84.53% (110800/131072 batches)
   0.7494s   c [gpu] Progress:  84.61% (110900/131072 batches)
   0.7501s   c [gpu] Progress:  84.69% (111000/131072 batches)
   0.7517s   c [gpu] Progress:  84.76% (111100/131072 batches)
   0.7499s   c [gpu] Progress:  84.84% (111200/131072 batches)
   0.7500s   c [gpu] Progress:  84.92% (111300/131072 batches)
   0.7500s   c [gpu] Progress:  84.99% (111400/131072 batches)
   0.7531s   c [gpu] Progress:  85.07% (111500/131072 batches)
   0.7500s   c [gpu] Progress:  85.14% (111600/131072 batches)
   0.7500s   c [gpu] Progress:  85.22% (111700/131072 batches)
   0.7503s   c [gpu] Progress:  85.30% (111800/131072 batches)
   0.7502s   c [gpu] Progress:  85.37% (111900/131072 batches)
   0.7498s   c [gpu] Progress:  85.45% (112000/131072 batches)
   0.7509s   c [gpu] Progress:  85.53% (112100/131072 batches)
   0.7500s   c [gpu] Progress:  85.60% (112200/131072 batches)
   0.7500s   c [gpu] Progress:  85.68% (112300/131072 batches)
   0.7498s   c [gpu] Progress:  85.75% (112400/131072 batches)
   0.7498s   c [gpu] Progress:  85.83% (112500/131072 batches)
   0.7525s   c [gpu] Progress:  85.91% (112600/131072 batches)
   0.7500s   c [gpu] Progress:  85.98% (112700/131072 batches)
   0.7500s   c [gpu] Progress:  86.06% (112800/131072 batches)
   0.7499s   c [gpu] Progress:  86.14% (112900/131072 batches)
   0.7494s   c [gpu] Progress:  86.21% (113000/131072 batches)
   0.7498s   c [gpu] Progress:  86.29% (113100/131072 batches)
   0.7495s   c [gpu] Progress:  86.36% (113200/131072 batches)
   0.7510s   c [gpu] Progress:  86.44% (113300/131072 batches)
   0.7494s   c [gpu] Progress:  86.52% (113400/131072 batches)
   0.7496s   c [gpu] Progress:  86.59% (113500/131072 batches)
   0.7494s   c [gpu] Progress:  86.67% (113600/131072 batches)
   0.7497s   c [gpu] Progress:  86.75% (113700/131072 batches)
   0.7496s   c [gpu] Progress:  86.82% (113800/131072 batches)
   0.7493s   c [gpu] Progress:  86.90% (113900/131072 batches)
   0.7494s   c [gpu] Progress:  86.98% (114000/131072 batches)
   0.7494s   c [gpu] Progress:  87.05% (114100/131072 batches)
   0.7503s   c [gpu] Progress:  87.13% (114200/131072 batches)
   0.7503s   c [gpu] Progress:  87.20% (114300/131072 batches)
   0.7499s   c [gpu] Progress:  87.28% (114400/131072 batches)
   0.7505s   c [gpu] Progress:  87.36% (114500/131072 batches)
   0.7502s   c [gpu] Progress:  87.43% (114600/131072 batches)
   0.7499s   c [gpu] Progress:  87.51% (114700/131072 batches)
   0.7499s   c [gpu] Progress:  87.59% (114800/131072 batches)
   0.7500s   c [gpu] Progress:  87.66% (114900/131072 batches)
   0.7501s   c [gpu] Progress:  87.74% (115000/131072 batches)
   0.7499s   c [gpu] Progress:  87.81% (115100/131072 batches)
   0.7501s   c [gpu] Progress:  87.89% (115200/131072 batches)
   0.7500s   c [gpu] Progress:  87.97% (115300/131072 batches)
   0.7500s   c [gpu] Progress:  88.04% (115400/131072 batches)
   0.7501s   c [gpu] Progress:  88.12% (115500/131072 batches)
   0.7501s   c [gpu] Progress:  88.20% (115600/131072 batches)
   0.7500s   c [gpu] Progress:  88.27% (115700/131072 batches)
   0.7500s   c [gpu] Progress:  88.35% (115800/131072 batches)
   0.7500s   c [gpu] Progress:  88.42% (115900/131072 batches)
   0.7500s   c [gpu] Progress:  88.50% (116000/131072 batches)
   0.7500s   c [gpu] Progress:  88.58% (116100/131072 batches)
   0.7500s   c [gpu] Progress:  88.65% (116200/131072 batches)
   0.7500s   c [gpu] Progress:  88.73% (116300/131072 batches)
   0.7503s   c [gpu] Progress:  88.81% (116400/131072 batches)
   0.7499s   c [gpu] Progress:  88.88% (116500/131072 batches)
   0.7497s   c [gpu] Progress:  88.96% (116600/131072 batches)
   0.7496s   c [gpu] Progress:  89.04% (116700/131072 batches)
   0.7499s   c [gpu] Progress:  89.11% (116800/131072 batches)
   0.7496s   c [gpu] Progress:  89.19% (116900/131072 batches)
   0.7500s   c [gpu] Progress:  89.26% (117000/131072 batches)
   0.7504s   c [gpu] Progress:  89.34% (117100/131072 batches)
   0.7509s   c [gpu] Progress:  89.42% (117200/131072 batches)
   0.7510s   c [gpu] Progress:  89.49% (117300/131072 batches)
   0.7508s   c [gpu] Progress:  89.57% (117400/131072 batches)
   0.7525s   c [gpu] Progress:  89.65% (117500/131072 batches)
   0.7509s   c [gpu] Progress:  89.72% (117600/131072 batches)
   0.7507s   c [gpu] Progress:  89.80% (117700/131072 batches)
   0.7504s   c [gpu] Progress:  89.87% (117800/131072 batches)
   0.7499s   c [gpu] Progress:  89.95% (117900/131072 batches)
   0.7499s   c [gpu] Progress:  90.03% (118000/131072 batches)
   0.7498s   c [gpu] Progress:  90.10% (118100/131072 batches)
   0.7498s   c [gpu] Progress:  90.18% (118200/131072 batches)
   0.7500s   c [gpu] Progress:  90.26% (118300/131072 batches)
   0.7499s   c [gpu] Progress:  90.33% (118400/131072 batches)
   0.7514s   c [gpu] Progress:  90.41% (118500/131072 batches)
   0.7497s   c [gpu] Progress:  90.48% (118600/131072 batches)
   0.7499s   c [gpu] Progress:  90.56% (118700/131072 batches)
   0.7500s   c [gpu] Progress:  90.64% (118800/131072 batches)
   0.7500s   c [gpu] Progress:  90.71% (118900/131072 batches)
   0.7499s   c [gpu] Progress:  90.79% (119000/131072 batches)
   0.7505s   c [gpu] Progress:  90.87% (119100/131072 batches)
   0.7502s   c [gpu] Progress:  90.94% (119200/131072 batches)
   0.7499s   c [gpu] Progress:  91.02% (119300/131072 batches)
   0.7502s   c [gpu] Progress:  91.09% (119400/131072 batches)
   0.7500s   c [gpu] Progress:  91.17% (119500/131072 batches)
   0.7502s   c [gpu] Progress:  91.25% (119600/131072 batches)
   0.7501s   c [gpu] Progress:  91.32% (119700/131072 batches)
   0.7500s   c [gpu] Progress:  91.40% (119800/131072 batches)
   0.7501s   c [gpu] Progress:  91.48% (119900/131072 batches)
   0.7498s   c [gpu] Progress:  91.55% (120000/131072 batches)
   0.7497s   c [gpu] Progress:  91.63% (120100/131072 batches)
   0.7505s   c [gpu] Progress:  91.71% (120200/131072 batches)
   0.7501s   c [gpu] Progress:  91.78% (120300/131072 batches)
   0.7502s   c [gpu] Progress:  91.86% (120400/131072 batches)
   0.7509s   c [gpu] Progress:  91.93% (120500/131072 batches)
   0.7504s   c [gpu] Progress:  92.01% (120600/131072 batches)
   0.7502s   c [gpu] Progress:  92.09% (120700/131072 batches)
   0.7502s   c [gpu] Progress:  92.16% (120800/131072 batches)
   0.7501s   c [gpu] Progress:  92.24% (120900/131072 batches)
   0.7502s   c [gpu] Progress:  92.32% (121000/131072 batches)
   0.7498s   c [gpu] Progress:  92.39% (121100/131072 batches)
   0.7500s   c [gpu] Progress:  92.47% (121200/131072 batches)
   0.7502s   c [gpu] Progress:  92.54% (121300/131072 batches)
   0.7499s   c [gpu] Progress:  92.62% (121400/131072 batches)
   0.7498s   c [gpu] Progress:  92.70% (121500/131072 batches)
   0.7501s   c [gpu] Progress:  92.77% (121600/131072 batches)
   0.7500s   c [gpu] Progress:  92.85% (121700/131072 batches)
   0.7505s   c [gpu] Progress:  92.93% (121800/131072 batches)
   0.7505s   c [gpu] Progress:  93.00% (121900/131072 batches)
   0.7509s   c [gpu] Progress:  93.08% (122000/131072 batches)
   0.7506s   c [gpu] Progress:  93.15% (122100/131072 batches)
   0.7505s   c [gpu] Progress:  93.23% (122200/131072 batches)
   0.7505s   c [gpu] Progress:  93.31% (122300/131072 batches)
   0.7501s   c [gpu] Progress:  93.38% (122400/131072 batches)
   0.7500s   c [gpu] Progress:  93.46% (122500/131072 batches)
   0.7504s   c [gpu] Progress:  93.54% (122600/131072 batches)
   0.7505s   c [gpu] Progress:  93.61% (122700/131072 batches)
   0.7504s   c [gpu] Progress:  93.69% (122800/131072 batches)
   0.7501s   c [gpu] Progress:  93.77% (122900/131072 batches)
   0.7502s   c [gpu] Progress:  93.84% (123000/131072 batches)
   0.7503s   c [gpu] Progress:  93.92% (123100/131072 batches)
   0.7510s   c [gpu] Progress:  93.99% (123200/131072 batches)
   0.7555s   c [gpu] Progress:  94.07% (123300/131072 batches)
   0.7503s   c [gpu] Progress:  94.15% (123400/131072 batches)
   0.7501s   c [gpu] Progress:  94.22% (123500/131072 batches)
   0.7499s   c [gpu] Progress:  94.30% (123600/131072 batches)
   0.7500s   c [gpu] Progress:  94.38% (123700/131072 batches)
   0.7500s   c [gpu] Progress:  94.45% (123800/131072 batches)
   0.7545s   c [gpu] Progress:  94.53% (123900/131072 batches)
   0.7500s   c [gpu] Progress:  94.60% (124000/131072 batches)
   0.7500s   c [gpu] Progress:  94.68% (124100/131072 batches)
   0.7500s   c [gpu] Progress:  94.76% (124200/131072 batches)
   0.7497s   c [gpu] Progress:  94.83% (124300/131072 batches)
   0.7499s   c [gpu] Progress:  94.91% (124400/131072 batches)
   0.7500s   c [gpu] Progress:  94.99% (124500/131072 batches)
   0.7500s   c [gpu] Progress:  95.06% (124600/131072 batches)
   0.7500s   c [gpu] Progress:  95.14% (124700/131072 batches)
   0.7506s   c [gpu] Progress:  95.21% (124800/131072 batches)
   0.7526s   c [gpu] Progress:  95.29% (124900/131072 batches)
   0.7498s   c [gpu] Progress:  95.37% (125000/131072 batches)
   0.7500s   c [gpu] Progress:  95.44% (125100/131072 batches)
   0.7500s   c [gpu] Progress:  95.52% (125200/131072 batches)
   0.7500s   c [gpu] Progress:  95.60% (125300/131072 batches)
   0.7500s   c [gpu] Progress:  95.67% (125400/131072 batches)
   0.7500s   c [gpu] Progress:  95.75% (125500/131072 batches)
   0.7497s   c [gpu] Progress:  95.83% (125600/131072 batches)
   0.7499s   c [gpu] Progress:  95.90% (125700/131072 batches)
   0.7500s   c [gpu] Progress:  95.98% (125800/131072 batches)
   0.7500s   c [gpu] Progress:  96.05% (125900/131072 batches)
   0.7511s   c [gpu] Progress:  96.13% (126000/131072 batches)
   0.7498s   c [gpu] Progress:  96.21% (126100/131072 batches)
   0.7499s   c [gpu] Progress:  96.28% (126200/131072 batches)
   0.7502s   c [gpu] Progress:  96.36% (126300/131072 batches)
   0.7499s   c [gpu] Progress:  96.44% (126400/131072 batches)
   0.7500s   c [gpu] Progress:  96.51% (126500/131072 batches)
   0.7501s   c [gpu] Progress:  96.59% (126600/131072 batches)
   0.7498s   c [gpu] Progress:  96.66% (126700/131072 batches)
   0.7502s   c [gpu] Progress:  96.74% (126800/131072 batches)
   0.7500s   c [gpu] Progress:  96.82% (126900/131072 batches)
   0.7500s   c [gpu] Progress:  96.89% (127000/131072 batches)
   0.7499s   c [gpu] Progress:  96.97% (127100/131072 batches)
   0.7501s   c [gpu] Progress:  97.05% (127200/131072 batches)
   0.7500s   c [gpu] Progress:  97.12% (127300/131072 batches)
   0.7500s   c [gpu] Progress:  97.20% (127400/131072 batches)
   0.7502s   c [gpu] Progress:  97.27% (127500/131072 batches)
   0.7503s   c [gpu] Progress:  97.35% (127600/131072 batches)
   0.7501s   c [gpu] Progress:  97.43% (127700/131072 batches)
   0.7500s   c [gpu] Progress:  97.50% (127800/131072 batches)
   0.7499s   c [gpu] Progress:  97.58% (127900/131072 batches)
   0.7500s   c [gpu] Progress:  97.66% (128000/131072 batches)
   0.7505s   c [gpu] Progress:  97.73% (128100/131072 batches)
   0.7501s   c [gpu] Progress:  97.81% (128200/131072 batches)
   0.7501s   c [gpu] Progress:  97.89% (128300/131072 batches)
   0.7499s   c [gpu] Progress:  97.96% (128400/131072 batches)
   0.7500s   c [gpu] Progress:  98.04% (128500/131072 batches)
   0.7501s   c [gpu] Progress:  98.11% (128600/131072 batches)
   0.7500s   c [gpu] Progress:  98.19% (128700/131072 batches)
   0.7500s   c [gpu] Progress:  98.27% (128800/131072 batches)
   0.7500s   c [gpu] Progress:  98.34% (128900/131072 batches)
   0.7498s   c [gpu] Progress:  98.42% (129000/131072 batches)
   0.7495s   c [gpu] Progress:  98.50% (129100/131072 batches)
   0.7497s   c [gpu] Progress:  98.57% (129200/131072 batches)
   0.7497s   c [gpu] Progress:  98.65% (129300/131072 batches)
   0.7497s   c [gpu] Progress:  98.72% (129400/131072 batches)
   0.7498s   c [gpu] Progress:  98.80% (129500/131072 batches)
   0.7497s   c [gpu] Progress:  98.88% (129600/131072 batches)
   0.7500s   c [gpu] Progress:  98.95% (129700/131072 batches)
   0.7503s   c [gpu] Progress:  99.03% (129800/131072 batches)
   0.7502s   c [gpu] Progress:  99.11% (129900/131072 batches)
   0.7501s   c [gpu] Progress:  99.18% (130000/131072 batches)
   0.7499s   c [gpu] Progress:  99.26% (130100/131072 batches)
   0.7501s   c [gpu] Progress:  99.33% (130200/131072 batches)
   0.7501s   c [gpu] Progress:  99.41% (130300/131072 batches)
   0.7502s   c [gpu] Progress:  99.49% (130400/131072 batches)
   0.7498s   c [gpu] Progress:  99.56% (130500/131072 batches)
   0.7500s   c [gpu] Progress:  99.64% (130600/131072 batches)
   0.7497s   c [gpu] Progress:  99.72% (130700/131072 batches)
   0.7496s   c [gpu] Progress:  99.79% (130800/131072 batches)
   0.7499s   c [gpu] Progress:  99.87% (130900/131072 batches)
   0.5327s   c [gpu] Progress:  99.95% (131000/131072 batches)
   0.0001s   c [gpuES] result = 20 [time = 984.10]
   0.0000s   c [CEC] CEC check completed in 984.103153 seconds
   0.0000s   s Equivalent.
   0.0106s   c Runtime: 984.104 seconds
             
     Total   983.9947s
